Warning: you requested the nanomsg event logger, but bmv2 was compiled without -DBMELOG, and the event logger cannot be activated
Calling target program-options parser
[15:58:52.805] [bmv2] [D] [thread 21189] Set default default entry for table 'MyIngress.ipv4_lpm': NoAction - 
Adding interface s1-eth1 as port 1
[15:58:52.807] [bmv2] [D] [thread 21189] Adding interface s1-eth1 as port 1
Adding interface s1-eth2 as port 2
[15:58:52.834] [bmv2] [D] [thread 21189] Adding interface s1-eth2 as port 2
Adding interface s1-eth3 as port 3
[15:58:52.865] [bmv2] [D] [thread 21189] Adding interface s1-eth3 as port 3
[15:58:52.890] [bmv2] [I] [thread 21189] Starting Thrift server on port 9090
[15:58:52.890] [bmv2] [I] [thread 21189] Thrift server was started
[15:58:53.029] [bmv2] [D] [thread 21195] [0.0] [cxt 0] Processing packet received on port 1
[15:58:53.029] [bmv2] [D] [thread 21195] [0.0] [cxt 0] Parser 'parser': start
[15:58:53.029] [bmv2] [D] [thread 21195] [0.0] [cxt 0] Parser 'parser' entering state 'start'
[15:58:53.030] [bmv2] [D] [thread 21195] [0.0] [cxt 0] Extracting header 'ethernet'
[15:58:53.030] [bmv2] [D] [thread 21195] [0.0] [cxt 0] Parser state 'start': key is 86dd
[15:58:53.030] [bmv2] [T] [thread 21195] [0.0] [cxt 0] Bytes parsed: 14
[15:58:53.030] [bmv2] [D] [thread 21195] [0.0] [cxt 0] Parser 'parser': end
[15:58:53.031] [bmv2] [D] [thread 21195] [0.0] [cxt 0] Pipeline 'ingress': start
[15:58:53.031] [bmv2] [T] [thread 21195] [0.0] [cxt 0] forwarding.p4(128) Condition "hdr.ipv4.isValid()" (node_2) is false
[15:58:53.031] [bmv2] [D] [thread 21195] [0.0] [cxt 0] Pipeline 'ingress': end
[15:58:53.031] [bmv2] [D] [thread 21195] [0.0] [cxt 0] Egress port is 0
[15:58:53.032] [bmv2] [D] [thread 21196] [0.0] [cxt 0] Pipeline 'egress': start
[15:58:53.032] [bmv2] [D] [thread 21196] [0.0] [cxt 0] Pipeline 'egress': end
[15:58:53.032] [bmv2] [D] [thread 21196] [0.0] [cxt 0] Deparser 'deparser': start
[15:58:53.032] [bmv2] [T] [thread 21196] [0.0] [cxt 0] Skipping checksum 'cksum' update because condition not met
[15:58:53.032] [bmv2] [D] [thread 21196] [0.0] [cxt 0] Deparsing header 'ethernet'
[15:58:53.033] [bmv2] [D] [thread 21196] [0.0] [cxt 0] Deparser 'deparser': end
[15:58:53.033] [bmv2] [D] [thread 21200] [0.0] [cxt 0] Transmitting packet of size 90 out of port 0
[15:58:53.061] [bmv2] [D] [thread 21195] [1.0] [cxt 0] Processing packet received on port 2
[15:58:53.061] [bmv2] [D] [thread 21195] [1.0] [cxt 0] Parser 'parser': start
[15:58:53.061] [bmv2] [D] [thread 21195] [1.0] [cxt 0] Parser 'parser' entering state 'start'
[15:58:53.062] [bmv2] [D] [thread 21195] [1.0] [cxt 0] Extracting header 'ethernet'
[15:58:53.062] [bmv2] [D] [thread 21195] [1.0] [cxt 0] Parser state 'start': key is 86dd
[15:58:53.062] [bmv2] [T] [thread 21195] [1.0] [cxt 0] Bytes parsed: 14
[15:58:53.062] [bmv2] [D] [thread 21195] [1.0] [cxt 0] Parser 'parser': end
[15:58:53.063] [bmv2] [D] [thread 21195] [1.0] [cxt 0] Pipeline 'ingress': start
[15:58:53.063] [bmv2] [T] [thread 21195] [1.0] [cxt 0] forwarding.p4(128) Condition "hdr.ipv4.isValid()" (node_2) is false
[15:58:53.063] [bmv2] [D] [thread 21195] [1.0] [cxt 0] Pipeline 'ingress': end
[15:58:53.063] [bmv2] [D] [thread 21195] [1.0] [cxt 0] Egress port is 0
[15:58:53.063] [bmv2] [D] [thread 21196] [1.0] [cxt 0] Pipeline 'egress': start
[15:58:53.064] [bmv2] [D] [thread 21196] [1.0] [cxt 0] Pipeline 'egress': end
[15:58:53.064] [bmv2] [D] [thread 21196] [1.0] [cxt 0] Deparser 'deparser': start
[15:58:53.064] [bmv2] [T] [thread 21196] [1.0] [cxt 0] Skipping checksum 'cksum' update because condition not met
[15:58:53.064] [bmv2] [D] [thread 21196] [1.0] [cxt 0] Deparsing header 'ethernet'
[15:58:53.064] [bmv2] [D] [thread 21196] [1.0] [cxt 0] Deparser 'deparser': end
[15:58:53.065] [bmv2] [D] [thread 21200] [1.0] [cxt 0] Transmitting packet of size 90 out of port 0
[15:58:53.265] [bmv2] [D] [thread 21195] [2.0] [cxt 0] Processing packet received on port 2
[15:58:53.265] [bmv2] [D] [thread 21195] [2.0] [cxt 0] Parser 'parser': start
[15:58:53.265] [bmv2] [D] [thread 21195] [2.0] [cxt 0] Parser 'parser' entering state 'start'
[15:58:53.266] [bmv2] [D] [thread 21195] [2.0] [cxt 0] Extracting header 'ethernet'
[15:58:53.266] [bmv2] [D] [thread 21195] [2.0] [cxt 0] Parser state 'start': key is 86dd
[15:58:53.266] [bmv2] [T] [thread 21195] [2.0] [cxt 0] Bytes parsed: 14
[15:58:53.266] [bmv2] [D] [thread 21195] [2.0] [cxt 0] Parser 'parser': end
[15:58:53.267] [bmv2] [D] [thread 21195] [2.0] [cxt 0] Pipeline 'ingress': start
[15:58:53.267] [bmv2] [T] [thread 21195] [2.0] [cxt 0] forwarding.p4(128) Condition "hdr.ipv4.isValid()" (node_2) is false
[15:58:53.267] [bmv2] [D] [thread 21195] [2.0] [cxt 0] Pipeline 'ingress': end
[15:58:53.268] [bmv2] [D] [thread 21195] [2.0] [cxt 0] Egress port is 0
[15:58:53.268] [bmv2] [D] [thread 21196] [2.0] [cxt 0] Pipeline 'egress': start
[15:58:53.268] [bmv2] [D] [thread 21196] [2.0] [cxt 0] Pipeline 'egress': end
[15:58:53.268] [bmv2] [D] [thread 21196] [2.0] [cxt 0] Deparser 'deparser': start
[15:58:53.269] [bmv2] [T] [thread 21196] [2.0] [cxt 0] Skipping checksum 'cksum' update because condition not met
[15:58:53.269] [bmv2] [D] [thread 21196] [2.0] [cxt 0] Deparsing header 'ethernet'
[15:58:53.269] [bmv2] [D] [thread 21196] [2.0] [cxt 0] Deparser 'deparser': end
[15:58:53.269] [bmv2] [D] [thread 21200] [2.0] [cxt 0] Transmitting packet of size 90 out of port 0
[15:58:53.351] [bmv2] [D] [thread 21195] [3.0] [cxt 0] Processing packet received on port 3
[15:58:53.352] [bmv2] [D] [thread 21195] [3.0] [cxt 0] Parser 'parser': start
[15:58:53.352] [bmv2] [D] [thread 21195] [3.0] [cxt 0] Parser 'parser' entering state 'start'
[15:58:53.352] [bmv2] [D] [thread 21195] [3.0] [cxt 0] Extracting header 'ethernet'
[15:58:53.352] [bmv2] [D] [thread 21195] [3.0] [cxt 0] Parser state 'start': key is 86dd
[15:58:53.353] [bmv2] [T] [thread 21195] [3.0] [cxt 0] Bytes parsed: 14
[15:58:53.353] [bmv2] [D] [thread 21195] [3.0] [cxt 0] Parser 'parser': end
[15:58:53.353] [bmv2] [D] [thread 21195] [3.0] [cxt 0] Pipeline 'ingress': start
[15:58:53.353] [bmv2] [T] [thread 21195] [3.0] [cxt 0] forwarding.p4(128) Condition "hdr.ipv4.isValid()" (node_2) is false
[15:58:53.353] [bmv2] [D] [thread 21195] [3.0] [cxt 0] Pipeline 'ingress': end
[15:58:53.354] [bmv2] [D] [thread 21195] [3.0] [cxt 0] Egress port is 0
[15:58:53.354] [bmv2] [D] [thread 21196] [3.0] [cxt 0] Pipeline 'egress': start
[15:58:53.354] [bmv2] [D] [thread 21196] [3.0] [cxt 0] Pipeline 'egress': end
[15:58:53.354] [bmv2] [D] [thread 21196] [3.0] [cxt 0] Deparser 'deparser': start
[15:58:53.354] [bmv2] [T] [thread 21196] [3.0] [cxt 0] Skipping checksum 'cksum' update because condition not met
[15:58:53.354] [bmv2] [D] [thread 21196] [3.0] [cxt 0] Deparsing header 'ethernet'
[15:58:53.354] [bmv2] [D] [thread 21196] [3.0] [cxt 0] Deparser 'deparser': end
[15:58:53.354] [bmv2] [D] [thread 21200] [3.0] [cxt 0] Transmitting packet of size 90 out of port 0
[15:58:53.370] [bmv2] [D] [thread 21195] [4.0] [cxt 0] Processing packet received on port 2
[15:58:53.370] [bmv2] [D] [thread 21195] [4.0] [cxt 0] Parser 'parser': start
[15:58:53.370] [bmv2] [D] [thread 21195] [4.0] [cxt 0] Parser 'parser' entering state 'start'
[15:58:53.371] [bmv2] [D] [thread 21195] [4.0] [cxt 0] Extracting header 'ethernet'
[15:58:53.371] [bmv2] [D] [thread 21195] [4.0] [cxt 0] Parser state 'start': key is 86dd
[15:58:53.371] [bmv2] [T] [thread 21195] [4.0] [cxt 0] Bytes parsed: 14
[15:58:53.371] [bmv2] [D] [thread 21195] [4.0] [cxt 0] Parser 'parser': end
[15:58:53.371] [bmv2] [D] [thread 21195] [4.0] [cxt 0] Pipeline 'ingress': start
[15:58:53.372] [bmv2] [T] [thread 21195] [4.0] [cxt 0] forwarding.p4(128) Condition "hdr.ipv4.isValid()" (node_2) is false
[15:58:53.372] [bmv2] [D] [thread 21195] [4.0] [cxt 0] Pipeline 'ingress': end
[15:58:53.372] [bmv2] [D] [thread 21195] [4.0] [cxt 0] Egress port is 0
[15:58:53.372] [bmv2] [D] [thread 21196] [4.0] [cxt 0] Pipeline 'egress': start
[15:58:53.372] [bmv2] [D] [thread 21196] [4.0] [cxt 0] Pipeline 'egress': end
[15:58:53.373] [bmv2] [D] [thread 21196] [4.0] [cxt 0] Deparser 'deparser': start
[15:58:53.373] [bmv2] [T] [thread 21196] [4.0] [cxt 0] Skipping checksum 'cksum' update because condition not met
[15:58:53.373] [bmv2] [D] [thread 21196] [4.0] [cxt 0] Deparsing header 'ethernet'
[15:58:53.373] [bmv2] [D] [thread 21196] [4.0] [cxt 0] Deparser 'deparser': end
[15:58:53.373] [bmv2] [D] [thread 21200] [4.0] [cxt 0] Transmitting packet of size 78 out of port 0
[15:58:53.502] [bmv2] [D] [thread 21195] [5.0] [cxt 0] Processing packet received on port 3
[15:58:53.502] [bmv2] [D] [thread 21195] [5.0] [cxt 0] Parser 'parser': start
[15:58:53.502] [bmv2] [D] [thread 21195] [5.0] [cxt 0] Parser 'parser' entering state 'start'
[15:58:53.503] [bmv2] [D] [thread 21195] [5.0] [cxt 0] Extracting header 'ethernet'
[15:58:53.503] [bmv2] [D] [thread 21195] [5.0] [cxt 0] Parser state 'start': key is 86dd
[15:58:53.503] [bmv2] [T] [thread 21195] [5.0] [cxt 0] Bytes parsed: 14
[15:58:53.503] [bmv2] [D] [thread 21195] [5.0] [cxt 0] Parser 'parser': end
[15:58:53.504] [bmv2] [D] [thread 21195] [5.0] [cxt 0] Pipeline 'ingress': start
[15:58:53.504] [bmv2] [T] [thread 21195] [5.0] [cxt 0] forwarding.p4(128) Condition "hdr.ipv4.isValid()" (node_2) is false
[15:58:53.504] [bmv2] [D] [thread 21195] [5.0] [cxt 0] Pipeline 'ingress': end
[15:58:53.504] [bmv2] [D] [thread 21195] [5.0] [cxt 0] Egress port is 0
[15:58:53.505] [bmv2] [D] [thread 21195] [6.0] [cxt 0] Processing packet received on port 3
[15:58:53.505] [bmv2] [D] [thread 21195] [6.0] [cxt 0] Parser 'parser': start
[15:58:53.505] [bmv2] [D] [thread 21195] [6.0] [cxt 0] Parser 'parser' entering state 'start'
[15:58:53.505] [bmv2] [D] [thread 21195] [6.0] [cxt 0] Extracting header 'ethernet'
[15:58:53.505] [bmv2] [D] [thread 21196] [5.0] [cxt 0] Pipeline 'egress': start
[15:58:53.506] [bmv2] [D] [thread 21196] [5.0] [cxt 0] Pipeline 'egress': end
[15:58:53.506] [bmv2] [D] [thread 21196] [5.0] [cxt 0] Deparser 'deparser': start
[15:58:53.506] [bmv2] [T] [thread 21196] [5.0] [cxt 0] Skipping checksum 'cksum' update because condition not met
[15:58:53.506] [bmv2] [D] [thread 21196] [5.0] [cxt 0] Deparsing header 'ethernet'
[15:58:53.506] [bmv2] [D] [thread 21196] [5.0] [cxt 0] Deparser 'deparser': end
[15:58:53.506] [bmv2] [D] [thread 21195] [6.0] [cxt 0] Parser state 'start': key is 86dd
[15:58:53.506] [bmv2] [T] [thread 21195] [6.0] [cxt 0] Bytes parsed: 14
[15:58:53.506] [bmv2] [D] [thread 21195] [6.0] [cxt 0] Parser 'parser': end
[15:58:53.506] [bmv2] [D] [thread 21195] [6.0] [cxt 0] Pipeline 'ingress': start
[15:58:53.506] [bmv2] [T] [thread 21195] [6.0] [cxt 0] forwarding.p4(128) Condition "hdr.ipv4.isValid()" (node_2) is false
[15:58:53.506] [bmv2] [D] [thread 21195] [6.0] [cxt 0] Pipeline 'ingress': end
[15:58:53.506] [bmv2] [D] [thread 21195] [6.0] [cxt 0] Egress port is 0
[15:58:53.507] [bmv2] [D] [thread 21196] [6.0] [cxt 0] Pipeline 'egress': start
[15:58:53.507] [bmv2] [D] [thread 21196] [6.0] [cxt 0] Pipeline 'egress': end
[15:58:53.507] [bmv2] [D] [thread 21196] [6.0] [cxt 0] Deparser 'deparser': start
[15:58:53.507] [bmv2] [T] [thread 21196] [6.0] [cxt 0] Skipping checksum 'cksum' update because condition not met
[15:58:53.507] [bmv2] [D] [thread 21196] [6.0] [cxt 0] Deparsing header 'ethernet'
[15:58:53.507] [bmv2] [D] [thread 21196] [6.0] [cxt 0] Deparser 'deparser': end
[15:58:53.506] [bmv2] [D] [thread 21200] [5.0] [cxt 0] Transmitting packet of size 90 out of port 0
[15:58:53.507] [bmv2] [D] [thread 21200] [6.0] [cxt 0] Transmitting packet of size 78 out of port 0
[15:58:53.537] [bmv2] [D] [thread 21195] [7.0] [cxt 0] Processing packet received on port 3
[15:58:53.538] [bmv2] [D] [thread 21195] [7.0] [cxt 0] Parser 'parser': start
[15:58:53.538] [bmv2] [D] [thread 21195] [7.0] [cxt 0] Parser 'parser' entering state 'start'
[15:58:53.538] [bmv2] [D] [thread 21195] [7.0] [cxt 0] Extracting header 'ethernet'
[15:58:53.538] [bmv2] [D] [thread 21195] [7.0] [cxt 0] Parser state 'start': key is 86dd
[15:58:53.539] [bmv2] [T] [thread 21195] [7.0] [cxt 0] Bytes parsed: 14
[15:58:53.539] [bmv2] [D] [thread 21195] [7.0] [cxt 0] Parser 'parser': end
[15:58:53.539] [bmv2] [D] [thread 21195] [7.0] [cxt 0] Pipeline 'ingress': start
[15:58:53.539] [bmv2] [T] [thread 21195] [7.0] [cxt 0] forwarding.p4(128) Condition "hdr.ipv4.isValid()" (node_2) is false
[15:58:53.540] [bmv2] [D] [thread 21195] [7.0] [cxt 0] Pipeline 'ingress': end
[15:58:53.540] [bmv2] [D] [thread 21195] [7.0] [cxt 0] Egress port is 0
[15:58:53.540] [bmv2] [D] [thread 21196] [7.0] [cxt 0] Pipeline 'egress': start
[15:58:53.540] [bmv2] [D] [thread 21196] [7.0] [cxt 0] Pipeline 'egress': end
[15:58:53.540] [bmv2] [D] [thread 21196] [7.0] [cxt 0] Deparser 'deparser': start
[15:58:53.541] [bmv2] [T] [thread 21196] [7.0] [cxt 0] Skipping checksum 'cksum' update because condition not met
[15:58:53.541] [bmv2] [D] [thread 21196] [7.0] [cxt 0] Deparsing header 'ethernet'
[15:58:53.541] [bmv2] [D] [thread 21196] [7.0] [cxt 0] Deparser 'deparser': end
[15:58:53.541] [bmv2] [D] [thread 21195] [8.0] [cxt 0] Processing packet received on port 2
[15:58:53.541] [bmv2] [D] [thread 21195] [8.0] [cxt 0] Parser 'parser': start
[15:58:53.541] [bmv2] [D] [thread 21195] [8.0] [cxt 0] Parser 'parser' entering state 'start'
[15:58:53.542] [bmv2] [D] [thread 21195] [8.0] [cxt 0] Extracting header 'ethernet'
[15:58:53.542] [bmv2] [D] [thread 21195] [8.0] [cxt 0] Parser state 'start': key is 86dd
[15:58:53.542] [bmv2] [T] [thread 21195] [8.0] [cxt 0] Bytes parsed: 14
[15:58:53.542] [bmv2] [D] [thread 21195] [8.0] [cxt 0] Parser 'parser': end
[15:58:53.542] [bmv2] [D] [thread 21195] [8.0] [cxt 0] Pipeline 'ingress': start
[15:58:53.542] [bmv2] [T] [thread 21195] [8.0] [cxt 0] forwarding.p4(128) Condition "hdr.ipv4.isValid()" (node_2) is false
[15:58:53.542] [bmv2] [D] [thread 21195] [8.0] [cxt 0] Pipeline 'ingress': end
[15:58:53.543] [bmv2] [D] [thread 21195] [8.0] [cxt 0] Egress port is 0
[15:58:53.543] [bmv2] [D] [thread 21196] [8.0] [cxt 0] Pipeline 'egress': start
[15:58:53.543] [bmv2] [D] [thread 21196] [8.0] [cxt 0] Pipeline 'egress': end
[15:58:53.543] [bmv2] [D] [thread 21196] [8.0] [cxt 0] Deparser 'deparser': start
[15:58:53.543] [bmv2] [T] [thread 21196] [8.0] [cxt 0] Skipping checksum 'cksum' update because condition not met
[15:58:53.543] [bmv2] [D] [thread 21196] [8.0] [cxt 0] Deparsing header 'ethernet'
[15:58:53.543] [bmv2] [D] [thread 21196] [8.0] [cxt 0] Deparser 'deparser': end
[15:58:53.541] [bmv2] [D] [thread 21200] [7.0] [cxt 0] Transmitting packet of size 78 out of port 0
[15:58:53.543] [bmv2] [D] [thread 21200] [8.0] [cxt 0] Transmitting packet of size 78 out of port 0
[15:58:53.545] [bmv2] [D] [thread 21195] [9.0] [cxt 0] Processing packet received on port 1
[15:58:53.545] [bmv2] [D] [thread 21195] [9.0] [cxt 0] Parser 'parser': start
[15:58:53.545] [bmv2] [D] [thread 21195] [9.0] [cxt 0] Parser 'parser' entering state 'start'
[15:58:53.545] [bmv2] [D] [thread 21195] [9.0] [cxt 0] Extracting header 'ethernet'
[15:58:53.545] [bmv2] [D] [thread 21195] [9.0] [cxt 0] Parser state 'start': key is 86dd
[15:58:53.545] [bmv2] [T] [thread 21195] [9.0] [cxt 0] Bytes parsed: 14
[15:58:53.545] [bmv2] [D] [thread 21195] [9.0] [cxt 0] Parser 'parser': end
[15:58:53.545] [bmv2] [D] [thread 21195] [9.0] [cxt 0] Pipeline 'ingress': start
[15:58:53.545] [bmv2] [T] [thread 21195] [9.0] [cxt 0] forwarding.p4(128) Condition "hdr.ipv4.isValid()" (node_2) is false
[15:58:53.545] [bmv2] [D] [thread 21195] [9.0] [cxt 0] Pipeline 'ingress': end
[15:58:53.545] [bmv2] [D] [thread 21195] [9.0] [cxt 0] Egress port is 0
[15:58:53.545] [bmv2] [D] [thread 21196] [9.0] [cxt 0] Pipeline 'egress': start
[15:58:53.545] [bmv2] [D] [thread 21196] [9.0] [cxt 0] Pipeline 'egress': end
[15:58:53.545] [bmv2] [D] [thread 21196] [9.0] [cxt 0] Deparser 'deparser': start
[15:58:53.545] [bmv2] [T] [thread 21196] [9.0] [cxt 0] Skipping checksum 'cksum' update because condition not met
[15:58:53.545] [bmv2] [D] [thread 21196] [9.0] [cxt 0] Deparsing header 'ethernet'
[15:58:53.546] [bmv2] [D] [thread 21196] [9.0] [cxt 0] Deparser 'deparser': end
[15:58:53.546] [bmv2] [D] [thread 21200] [9.0] [cxt 0] Transmitting packet of size 78 out of port 0
[15:58:54.374] [bmv2] [D] [thread 21195] [10.0] [cxt 0] Processing packet received on port 2
[15:58:54.374] [bmv2] [D] [thread 21195] [10.0] [cxt 0] Parser 'parser': start
[15:58:54.374] [bmv2] [D] [thread 21195] [10.0] [cxt 0] Parser 'parser' entering state 'start'
[15:58:54.375] [bmv2] [D] [thread 21195] [10.0] [cxt 0] Extracting header 'ethernet'
[15:58:54.375] [bmv2] [D] [thread 21195] [10.0] [cxt 0] Parser state 'start': key is 86dd
[15:58:54.375] [bmv2] [T] [thread 21195] [10.0] [cxt 0] Bytes parsed: 14
[15:58:54.375] [bmv2] [D] [thread 21195] [10.0] [cxt 0] Parser 'parser': end
[15:58:54.376] [bmv2] [D] [thread 21195] [10.0] [cxt 0] Pipeline 'ingress': start
[15:58:54.376] [bmv2] [T] [thread 21195] [10.0] [cxt 0] forwarding.p4(128) Condition "hdr.ipv4.isValid()" (node_2) is false
[15:58:54.376] [bmv2] [D] [thread 21195] [10.0] [cxt 0] Pipeline 'ingress': end
[15:58:54.376] [bmv2] [D] [thread 21195] [10.0] [cxt 0] Egress port is 0
[15:58:54.376] [bmv2] [D] [thread 21195] [11.0] [cxt 0] Processing packet received on port 2
[15:58:54.377] [bmv2] [D] [thread 21195] [11.0] [cxt 0] Parser 'parser': start
[15:58:54.377] [bmv2] [D] [thread 21195] [11.0] [cxt 0] Parser 'parser' entering state 'start'
[15:58:54.377] [bmv2] [D] [thread 21195] [11.0] [cxt 0] Extracting header 'ethernet'
[15:58:54.377] [bmv2] [D] [thread 21195] [11.0] [cxt 0] Parser state 'start': key is 86dd
[15:58:54.377] [bmv2] [T] [thread 21195] [11.0] [cxt 0] Bytes parsed: 14
[15:58:54.377] [bmv2] [D] [thread 21195] [11.0] [cxt 0] Parser 'parser': end
[15:58:54.377] [bmv2] [D] [thread 21195] [11.0] [cxt 0] Pipeline 'ingress': start
[15:58:54.378] [bmv2] [T] [thread 21195] [11.0] [cxt 0] forwarding.p4(128) Condition "hdr.ipv4.isValid()" (node_2) is false
[15:58:54.378] [bmv2] [D] [thread 21195] [11.0] [cxt 0] Pipeline 'ingress': end
[15:58:54.378] [bmv2] [D] [thread 21195] [11.0] [cxt 0] Egress port is 0
[15:58:54.376] [bmv2] [D] [thread 21196] [10.0] [cxt 0] Pipeline 'egress': start
[15:58:54.378] [bmv2] [D] [thread 21196] [10.0] [cxt 0] Pipeline 'egress': end
[15:58:54.378] [bmv2] [D] [thread 21196] [10.0] [cxt 0] Deparser 'deparser': start
[15:58:54.378] [bmv2] [T] [thread 21196] [10.0] [cxt 0] Skipping checksum 'cksum' update because condition not met
[15:58:54.379] [bmv2] [D] [thread 21196] [10.0] [cxt 0] Deparsing header 'ethernet'
[15:58:54.379] [bmv2] [D] [thread 21196] [10.0] [cxt 0] Deparser 'deparser': end
[15:58:54.379] [bmv2] [D] [thread 21196] [11.0] [cxt 0] Pipeline 'egress': start
[15:58:54.379] [bmv2] [D] [thread 21196] [11.0] [cxt 0] Pipeline 'egress': end
[15:58:54.379] [bmv2] [D] [thread 21196] [11.0] [cxt 0] Deparser 'deparser': start
[15:58:54.379] [bmv2] [T] [thread 21196] [11.0] [cxt 0] Skipping checksum 'cksum' update because condition not met
[15:58:54.379] [bmv2] [D] [thread 21196] [11.0] [cxt 0] Deparsing header 'ethernet'
[15:58:54.379] [bmv2] [D] [thread 21200] [10.0] [cxt 0] Transmitting packet of size 90 out of port 0
[15:58:54.379] [bmv2] [D] [thread 21196] [11.0] [cxt 0] Deparser 'deparser': end
[15:58:54.379] [bmv2] [D] [thread 21200] [11.0] [cxt 0] Transmitting packet of size 70 out of port 0
[15:58:54.502] [bmv2] [D] [thread 21195] [12.0] [cxt 0] Processing packet received on port 3
[15:58:54.502] [bmv2] [D] [thread 21195] [12.0] [cxt 0] Parser 'parser': start
[15:58:54.502] [bmv2] [D] [thread 21195] [12.0] [cxt 0] Parser 'parser' entering state 'start'
[15:58:54.502] [bmv2] [D] [thread 21195] [12.0] [cxt 0] Extracting header 'ethernet'
[15:58:54.503] [bmv2] [D] [thread 21195] [12.0] [cxt 0] Parser state 'start': key is 86dd
[15:58:54.503] [bmv2] [T] [thread 21195] [12.0] [cxt 0] Bytes parsed: 14
[15:58:54.503] [bmv2] [D] [thread 21195] [12.0] [cxt 0] Parser 'parser': end
[15:58:54.503] [bmv2] [D] [thread 21195] [12.0] [cxt 0] Pipeline 'ingress': start
[15:58:54.504] [bmv2] [T] [thread 21195] [12.0] [cxt 0] forwarding.p4(128) Condition "hdr.ipv4.isValid()" (node_2) is false
[15:58:54.504] [bmv2] [D] [thread 21195] [12.0] [cxt 0] Pipeline 'ingress': end
[15:58:54.504] [bmv2] [D] [thread 21195] [12.0] [cxt 0] Egress port is 0
[15:58:54.504] [bmv2] [D] [thread 21195] [13.0] [cxt 0] Processing packet received on port 3
[15:58:54.505] [bmv2] [D] [thread 21195] [13.0] [cxt 0] Parser 'parser': start
[15:58:54.505] [bmv2] [D] [thread 21195] [13.0] [cxt 0] Parser 'parser' entering state 'start'
[15:58:54.505] [bmv2] [D] [thread 21195] [13.0] [cxt 0] Extracting header 'ethernet'
[15:58:54.505] [bmv2] [D] [thread 21195] [13.0] [cxt 0] Parser state 'start': key is 86dd
[15:58:54.505] [bmv2] [T] [thread 21195] [13.0] [cxt 0] Bytes parsed: 14
[15:58:54.506] [bmv2] [D] [thread 21195] [13.0] [cxt 0] Parser 'parser': end
[15:58:54.506] [bmv2] [D] [thread 21195] [13.0] [cxt 0] Pipeline 'ingress': start
[15:58:54.506] [bmv2] [T] [thread 21195] [13.0] [cxt 0] forwarding.p4(128) Condition "hdr.ipv4.isValid()" (node_2) is false
[15:58:54.506] [bmv2] [D] [thread 21195] [13.0] [cxt 0] Pipeline 'ingress': end
[15:58:54.507] [bmv2] [D] [thread 21195] [13.0] [cxt 0] Egress port is 0
[15:58:54.504] [bmv2] [D] [thread 21196] [12.0] [cxt 0] Pipeline 'egress': start
[15:58:54.507] [bmv2] [D] [thread 21196] [12.0] [cxt 0] Pipeline 'egress': end
[15:58:54.507] [bmv2] [D] [thread 21196] [12.0] [cxt 0] Deparser 'deparser': start
[15:58:54.507] [bmv2] [T] [thread 21196] [12.0] [cxt 0] Skipping checksum 'cksum' update because condition not met
[15:58:54.507] [bmv2] [D] [thread 21196] [12.0] [cxt 0] Deparsing header 'ethernet'
[15:58:54.508] [bmv2] [D] [thread 21196] [12.0] [cxt 0] Deparser 'deparser': end
[15:58:54.508] [bmv2] [D] [thread 21196] [13.0] [cxt 0] Pipeline 'egress': start
[15:58:54.508] [bmv2] [D] [thread 21196] [13.0] [cxt 0] Pipeline 'egress': end
[15:58:54.508] [bmv2] [D] [thread 21196] [13.0] [cxt 0] Deparser 'deparser': start
[15:58:54.508] [bmv2] [T] [thread 21196] [13.0] [cxt 0] Skipping checksum 'cksum' update because condition not met
[15:58:54.508] [bmv2] [D] [thread 21196] [13.0] [cxt 0] Deparsing header 'ethernet'
[15:58:54.508] [bmv2] [D] [thread 21196] [13.0] [cxt 0] Deparser 'deparser': end
[15:58:54.508] [bmv2] [D] [thread 21200] [12.0] [cxt 0] Transmitting packet of size 90 out of port 0
[15:58:54.508] [bmv2] [D] [thread 21200] [13.0] [cxt 0] Transmitting packet of size 70 out of port 0
[15:58:54.538] [bmv2] [D] [thread 21195] [14.0] [cxt 0] Processing packet received on port 3
[15:58:54.538] [bmv2] [D] [thread 21195] [14.0] [cxt 0] Parser 'parser': start
[15:58:54.538] [bmv2] [D] [thread 21195] [14.0] [cxt 0] Parser 'parser' entering state 'start'
[15:58:54.539] [bmv2] [D] [thread 21195] [14.0] [cxt 0] Extracting header 'ethernet'
[15:58:54.539] [bmv2] [D] [thread 21195] [14.0] [cxt 0] Parser state 'start': key is 86dd
[15:58:54.539] [bmv2] [T] [thread 21195] [14.0] [cxt 0] Bytes parsed: 14
[15:58:54.539] [bmv2] [D] [thread 21195] [14.0] [cxt 0] Parser 'parser': end
[15:58:54.540] [bmv2] [D] [thread 21195] [14.0] [cxt 0] Pipeline 'ingress': start
[15:58:54.540] [bmv2] [T] [thread 21195] [14.0] [cxt 0] forwarding.p4(128) Condition "hdr.ipv4.isValid()" (node_2) is false
[15:58:54.540] [bmv2] [D] [thread 21195] [14.0] [cxt 0] Pipeline 'ingress': end
[15:58:54.541] [bmv2] [D] [thread 21195] [14.0] [cxt 0] Egress port is 0
[15:58:54.541] [bmv2] [D] [thread 21195] [15.0] [cxt 0] Processing packet received on port 3
[15:58:54.542] [bmv2] [D] [thread 21195] [15.0] [cxt 0] Parser 'parser': start
[15:58:54.542] [bmv2] [D] [thread 21195] [15.0] [cxt 0] Parser 'parser' entering state 'start'
[15:58:54.541] [bmv2] [D] [thread 21196] [14.0] [cxt 0] Pipeline 'egress': start
[15:58:54.542] [bmv2] [D] [thread 21196] [14.0] [cxt 0] Pipeline 'egress': end
[15:58:54.542] [bmv2] [D] [thread 21196] [14.0] [cxt 0] Deparser 'deparser': start
[15:58:54.542] [bmv2] [T] [thread 21196] [14.0] [cxt 0] Skipping checksum 'cksum' update because condition not met
[15:58:54.542] [bmv2] [D] [thread 21196] [14.0] [cxt 0] Deparsing header 'ethernet'
[15:58:54.543] [bmv2] [D] [thread 21196] [14.0] [cxt 0] Deparser 'deparser': end
[15:58:54.543] [bmv2] [D] [thread 21200] [14.0] [cxt 0] Transmitting packet of size 90 out of port 0
[15:58:54.542] [bmv2] [D] [thread 21195] [15.0] [cxt 0] Extracting header 'ethernet'
[15:58:54.543] [bmv2] [D] [thread 21195] [15.0] [cxt 0] Parser state 'start': key is 86dd
[15:58:54.544] [bmv2] [T] [thread 21195] [15.0] [cxt 0] Bytes parsed: 14
[15:58:54.544] [bmv2] [D] [thread 21195] [15.0] [cxt 0] Parser 'parser': end
[15:58:54.545] [bmv2] [D] [thread 21195] [15.0] [cxt 0] Pipeline 'ingress': start
[15:58:54.545] [bmv2] [T] [thread 21195] [15.0] [cxt 0] forwarding.p4(128) Condition "hdr.ipv4.isValid()" (node_2) is false
[15:58:54.545] [bmv2] [D] [thread 21195] [15.0] [cxt 0] Pipeline 'ingress': end
[15:58:54.545] [bmv2] [D] [thread 21195] [15.0] [cxt 0] Egress port is 0
[15:58:54.545] [bmv2] [D] [thread 21195] [16.0] [cxt 0] Processing packet received on port 2
[15:58:54.546] [bmv2] [D] [thread 21195] [16.0] [cxt 0] Parser 'parser': start
[15:58:54.546] [bmv2] [D] [thread 21195] [16.0] [cxt 0] Parser 'parser' entering state 'start'
[15:58:54.546] [bmv2] [D] [thread 21196] [15.0] [cxt 0] Pipeline 'egress': start
[15:58:54.546] [bmv2] [D] [thread 21196] [15.0] [cxt 0] Pipeline 'egress': end
[15:58:54.546] [bmv2] [D] [thread 21196] [15.0] [cxt 0] Deparser 'deparser': start
[15:58:54.546] [bmv2] [T] [thread 21196] [15.0] [cxt 0] Skipping checksum 'cksum' update because condition not met
[15:58:54.546] [bmv2] [D] [thread 21195] [16.0] [cxt 0] Extracting header 'ethernet'
[15:58:54.546] [bmv2] [D] [thread 21196] [15.0] [cxt 0] Deparsing header 'ethernet'
[15:58:54.547] [bmv2] [D] [thread 21195] [16.0] [cxt 0] Parser state 'start': key is 86dd
[15:58:54.547] [bmv2] [T] [thread 21195] [16.0] [cxt 0] Bytes parsed: 14
[15:58:54.547] [bmv2] [D] [thread 21195] [16.0] [cxt 0] Parser 'parser': end
[15:58:54.547] [bmv2] [D] [thread 21195] [16.0] [cxt 0] Pipeline 'ingress': start
[15:58:54.547] [bmv2] [T] [thread 21195] [16.0] [cxt 0] forwarding.p4(128) Condition "hdr.ipv4.isValid()" (node_2) is false
[15:58:54.547] [bmv2] [D] [thread 21195] [16.0] [cxt 0] Pipeline 'ingress': end
[15:58:54.547] [bmv2] [D] [thread 21196] [15.0] [cxt 0] Deparser 'deparser': end
[15:58:54.547] [bmv2] [D] [thread 21195] [16.0] [cxt 0] Egress port is 0
[15:58:54.547] [bmv2] [D] [thread 21200] [15.0] [cxt 0] Transmitting packet of size 70 out of port 0
[15:58:54.547] [bmv2] [D] [thread 21195] [17.0] [cxt 0] Processing packet received on port 2
[15:58:54.548] [bmv2] [D] [thread 21195] [17.0] [cxt 0] Parser 'parser': start
[15:58:54.548] [bmv2] [D] [thread 21196] [16.0] [cxt 0] Pipeline 'egress': start
[15:58:54.548] [bmv2] [D] [thread 21195] [17.0] [cxt 0] Parser 'parser' entering state 'start'
[15:58:54.548] [bmv2] [D] [thread 21195] [17.0] [cxt 0] Extracting header 'ethernet'
[15:58:54.548] [bmv2] [D] [thread 21196] [16.0] [cxt 0] Pipeline 'egress': end
[15:58:54.548] [bmv2] [D] [thread 21195] [17.0] [cxt 0] Parser state 'start': key is 86dd
[15:58:54.548] [bmv2] [D] [thread 21196] [16.0] [cxt 0] Deparser 'deparser': start
[15:58:54.548] [bmv2] [T] [thread 21195] [17.0] [cxt 0] Bytes parsed: 14
[15:58:54.548] [bmv2] [D] [thread 21195] [17.0] [cxt 0] Parser 'parser': end
[15:58:54.548] [bmv2] [T] [thread 21196] [16.0] [cxt 0] Skipping checksum 'cksum' update because condition not met
[15:58:54.548] [bmv2] [D] [thread 21196] [16.0] [cxt 0] Deparsing header 'ethernet'
[15:58:54.548] [bmv2] [D] [thread 21196] [16.0] [cxt 0] Deparser 'deparser': end
[15:58:54.548] [bmv2] [D] [thread 21195] [17.0] [cxt 0] Pipeline 'ingress': start
[15:58:54.548] [bmv2] [D] [thread 21200] [16.0] [cxt 0] Transmitting packet of size 90 out of port 0
[15:58:54.549] [bmv2] [T] [thread 21195] [17.0] [cxt 0] forwarding.p4(128) Condition "hdr.ipv4.isValid()" (node_2) is false
[15:58:54.549] [bmv2] [D] [thread 21195] [17.0] [cxt 0] Pipeline 'ingress': end
[15:58:54.549] [bmv2] [D] [thread 21195] [17.0] [cxt 0] Egress port is 0
[15:58:54.549] [bmv2] [D] [thread 21195] [18.0] [cxt 0] Processing packet received on port 1
[15:58:54.549] [bmv2] [D] [thread 21195] [18.0] [cxt 0] Parser 'parser': start
[15:58:54.549] [bmv2] [D] [thread 21196] [17.0] [cxt 0] Pipeline 'egress': start
[15:58:54.549] [bmv2] [D] [thread 21196] [17.0] [cxt 0] Pipeline 'egress': end
[15:58:54.549] [bmv2] [D] [thread 21196] [17.0] [cxt 0] Deparser 'deparser': start
[15:58:54.549] [bmv2] [D] [thread 21195] [18.0] [cxt 0] Parser 'parser' entering state 'start'
[15:58:54.549] [bmv2] [D] [thread 21195] [18.0] [cxt 0] Extracting header 'ethernet'
[15:58:54.549] [bmv2] [T] [thread 21196] [17.0] [cxt 0] Skipping checksum 'cksum' update because condition not met
[15:58:54.549] [bmv2] [D] [thread 21196] [17.0] [cxt 0] Deparsing header 'ethernet'
[15:58:54.549] [bmv2] [D] [thread 21196] [17.0] [cxt 0] Deparser 'deparser': end
[15:58:54.549] [bmv2] [D] [thread 21195] [18.0] [cxt 0] Parser state 'start': key is 86dd
[15:58:54.550] [bmv2] [T] [thread 21195] [18.0] [cxt 0] Bytes parsed: 14
[15:58:54.550] [bmv2] [D] [thread 21195] [18.0] [cxt 0] Parser 'parser': end
[15:58:54.550] [bmv2] [D] [thread 21200] [17.0] [cxt 0] Transmitting packet of size 70 out of port 0
[15:58:54.550] [bmv2] [D] [thread 21195] [18.0] [cxt 0] Pipeline 'ingress': start
[15:58:54.550] [bmv2] [T] [thread 21195] [18.0] [cxt 0] forwarding.p4(128) Condition "hdr.ipv4.isValid()" (node_2) is false
[15:58:54.550] [bmv2] [D] [thread 21195] [18.0] [cxt 0] Pipeline 'ingress': end
[15:58:54.550] [bmv2] [D] [thread 21195] [18.0] [cxt 0] Egress port is 0
[15:58:54.550] [bmv2] [D] [thread 21195] [19.0] [cxt 0] Processing packet received on port 1
[15:58:54.550] [bmv2] [D] [thread 21195] [19.0] [cxt 0] Parser 'parser': start
[15:58:54.550] [bmv2] [D] [thread 21195] [19.0] [cxt 0] Parser 'parser' entering state 'start'
[15:58:54.550] [bmv2] [D] [thread 21196] [18.0] [cxt 0] Pipeline 'egress': start
[15:58:54.550] [bmv2] [D] [thread 21196] [18.0] [cxt 0] Pipeline 'egress': end
[15:58:54.551] [bmv2] [D] [thread 21196] [18.0] [cxt 0] Deparser 'deparser': start
[15:58:54.551] [bmv2] [T] [thread 21196] [18.0] [cxt 0] Skipping checksum 'cksum' update because condition not met
[15:58:54.551] [bmv2] [D] [thread 21196] [18.0] [cxt 0] Deparsing header 'ethernet'
[15:58:54.551] [bmv2] [D] [thread 21196] [18.0] [cxt 0] Deparser 'deparser': end
[15:58:54.550] [bmv2] [D] [thread 21195] [19.0] [cxt 0] Extracting header 'ethernet'
[15:58:54.551] [bmv2] [D] [thread 21200] [18.0] [cxt 0] Transmitting packet of size 90 out of port 0
[15:58:54.551] [bmv2] [D] [thread 21195] [19.0] [cxt 0] Parser state 'start': key is 86dd
[15:58:54.551] [bmv2] [T] [thread 21195] [19.0] [cxt 0] Bytes parsed: 14
[15:58:54.551] [bmv2] [D] [thread 21195] [19.0] [cxt 0] Parser 'parser': end
[15:58:54.551] [bmv2] [D] [thread 21195] [19.0] [cxt 0] Pipeline 'ingress': start
[15:58:54.551] [bmv2] [T] [thread 21195] [19.0] [cxt 0] forwarding.p4(128) Condition "hdr.ipv4.isValid()" (node_2) is false
[15:58:54.551] [bmv2] [D] [thread 21195] [19.0] [cxt 0] Pipeline 'ingress': end
[15:58:54.551] [bmv2] [D] [thread 21195] [19.0] [cxt 0] Egress port is 0
[15:58:54.552] [bmv2] [D] [thread 21196] [19.0] [cxt 0] Pipeline 'egress': start
[15:58:54.552] [bmv2] [D] [thread 21196] [19.0] [cxt 0] Pipeline 'egress': end
[15:58:54.552] [bmv2] [D] [thread 21196] [19.0] [cxt 0] Deparser 'deparser': start
[15:58:54.552] [bmv2] [T] [thread 21196] [19.0] [cxt 0] Skipping checksum 'cksum' update because condition not met
[15:58:54.552] [bmv2] [D] [thread 21196] [19.0] [cxt 0] Deparsing header 'ethernet'
[15:58:54.552] [bmv2] [D] [thread 21196] [19.0] [cxt 0] Deparser 'deparser': end
[15:58:54.552] [bmv2] [D] [thread 21200] [19.0] [cxt 0] Transmitting packet of size 70 out of port 0
[15:58:54.674] [bmv2] [D] [thread 21195] [20.0] [cxt 0] Processing packet received on port 2
[15:58:54.674] [bmv2] [D] [thread 21195] [20.0] [cxt 0] Parser 'parser': start
[15:58:54.674] [bmv2] [D] [thread 21195] [20.0] [cxt 0] Parser 'parser' entering state 'start'
[15:58:54.675] [bmv2] [D] [thread 21195] [20.0] [cxt 0] Extracting header 'ethernet'
[15:58:54.675] [bmv2] [D] [thread 21195] [20.0] [cxt 0] Parser state 'start': key is 86dd
[15:58:54.675] [bmv2] [T] [thread 21195] [20.0] [cxt 0] Bytes parsed: 14
[15:58:54.675] [bmv2] [D] [thread 21195] [20.0] [cxt 0] Parser 'parser': end
[15:58:54.675] [bmv2] [D] [thread 21195] [20.0] [cxt 0] Pipeline 'ingress': start
[15:58:54.676] [bmv2] [T] [thread 21195] [20.0] [cxt 0] forwarding.p4(128) Condition "hdr.ipv4.isValid()" (node_2) is false
[15:58:54.676] [bmv2] [D] [thread 21195] [20.0] [cxt 0] Pipeline 'ingress': end
[15:58:54.676] [bmv2] [D] [thread 21195] [20.0] [cxt 0] Egress port is 0
[15:58:54.676] [bmv2] [D] [thread 21196] [20.0] [cxt 0] Pipeline 'egress': start
[15:58:54.677] [bmv2] [D] [thread 21196] [20.0] [cxt 0] Pipeline 'egress': end
[15:58:54.677] [bmv2] [D] [thread 21196] [20.0] [cxt 0] Deparser 'deparser': start
[15:58:54.677] [bmv2] [T] [thread 21196] [20.0] [cxt 0] Skipping checksum 'cksum' update because condition not met
[15:58:54.677] [bmv2] [D] [thread 21196] [20.0] [cxt 0] Deparsing header 'ethernet'
[15:58:54.677] [bmv2] [D] [thread 21196] [20.0] [cxt 0] Deparser 'deparser': end
[15:58:54.678] [bmv2] [D] [thread 21200] [20.0] [cxt 0] Transmitting packet of size 90 out of port 0
[15:58:54.964] [bmv2] [D] [thread 21195] [21.0] [cxt 0] Processing packet received on port 3
[15:58:54.964] [bmv2] [D] [thread 21195] [21.0] [cxt 0] Parser 'parser': start
[15:58:54.965] [bmv2] [D] [thread 21195] [21.0] [cxt 0] Parser 'parser' entering state 'start'
[15:58:54.965] [bmv2] [D] [thread 21195] [21.0] [cxt 0] Extracting header 'ethernet'
[15:58:54.965] [bmv2] [D] [thread 21195] [21.0] [cxt 0] Parser state 'start': key is 86dd
[15:58:54.965] [bmv2] [T] [thread 21195] [21.0] [cxt 0] Bytes parsed: 14
[15:58:54.966] [bmv2] [D] [thread 21195] [21.0] [cxt 0] Parser 'parser': end
[15:58:54.966] [bmv2] [D] [thread 21195] [21.0] [cxt 0] Pipeline 'ingress': start
[15:58:54.966] [bmv2] [T] [thread 21195] [21.0] [cxt 0] forwarding.p4(128) Condition "hdr.ipv4.isValid()" (node_2) is false
[15:58:54.966] [bmv2] [D] [thread 21195] [21.0] [cxt 0] Pipeline 'ingress': end
[15:58:54.966] [bmv2] [D] [thread 21195] [21.0] [cxt 0] Egress port is 0
[15:58:54.967] [bmv2] [D] [thread 21196] [21.0] [cxt 0] Pipeline 'egress': start
[15:58:54.967] [bmv2] [D] [thread 21196] [21.0] [cxt 0] Pipeline 'egress': end
[15:58:54.967] [bmv2] [D] [thread 21196] [21.0] [cxt 0] Deparser 'deparser': start
[15:58:54.967] [bmv2] [T] [thread 21196] [21.0] [cxt 0] Skipping checksum 'cksum' update because condition not met
[15:58:54.968] [bmv2] [D] [thread 21196] [21.0] [cxt 0] Deparsing header 'ethernet'
[15:58:54.968] [bmv2] [D] [thread 21196] [21.0] [cxt 0] Deparser 'deparser': end
[15:58:54.968] [bmv2] [D] [thread 21200] [21.0] [cxt 0] Transmitting packet of size 90 out of port 0
[15:58:54.986] [bmv2] [D] [thread 21195] [22.0] [cxt 0] Processing packet received on port 3
[15:58:54.986] [bmv2] [D] [thread 21195] [22.0] [cxt 0] Parser 'parser': start
[15:58:54.986] [bmv2] [D] [thread 21195] [22.0] [cxt 0] Parser 'parser' entering state 'start'
[15:58:54.986] [bmv2] [D] [thread 21195] [22.0] [cxt 0] Extracting header 'ethernet'
[15:58:54.987] [bmv2] [D] [thread 21195] [22.0] [cxt 0] Parser state 'start': key is 86dd
[15:58:54.987] [bmv2] [T] [thread 21195] [22.0] [cxt 0] Bytes parsed: 14
[15:58:54.987] [bmv2] [D] [thread 21195] [22.0] [cxt 0] Parser 'parser': end
[15:58:54.987] [bmv2] [D] [thread 21195] [22.0] [cxt 0] Pipeline 'ingress': start
[15:58:54.987] [bmv2] [T] [thread 21195] [22.0] [cxt 0] forwarding.p4(128) Condition "hdr.ipv4.isValid()" (node_2) is false
[15:58:54.987] [bmv2] [D] [thread 21195] [22.0] [cxt 0] Pipeline 'ingress': end
[15:58:54.988] [bmv2] [D] [thread 21195] [22.0] [cxt 0] Egress port is 0
[15:58:54.988] [bmv2] [D] [thread 21196] [22.0] [cxt 0] Pipeline 'egress': start
[15:58:54.988] [bmv2] [D] [thread 21196] [22.0] [cxt 0] Pipeline 'egress': end
[15:58:54.988] [bmv2] [D] [thread 21196] [22.0] [cxt 0] Deparser 'deparser': start
[15:58:54.988] [bmv2] [T] [thread 21196] [22.0] [cxt 0] Skipping checksum 'cksum' update because condition not met
[15:58:54.989] [bmv2] [D] [thread 21196] [22.0] [cxt 0] Deparsing header 'ethernet'
[15:58:54.989] [bmv2] [D] [thread 21196] [22.0] [cxt 0] Deparser 'deparser': end
[15:58:54.989] [bmv2] [D] [thread 21200] [22.0] [cxt 0] Transmitting packet of size 90 out of port 0
[15:58:55.175] [bmv2] [D] [thread 21195] [23.0] [cxt 0] Processing packet received on port 1
[15:58:55.175] [bmv2] [D] [thread 21195] [23.0] [cxt 0] Parser 'parser': start
[15:58:55.175] [bmv2] [D] [thread 21195] [23.0] [cxt 0] Parser 'parser' entering state 'start'
[15:58:55.175] [bmv2] [D] [thread 21195] [23.0] [cxt 0] Extracting header 'ethernet'
[15:58:55.175] [bmv2] [D] [thread 21195] [23.0] [cxt 0] Parser state 'start': key is 86dd
[15:58:55.175] [bmv2] [T] [thread 21195] [23.0] [cxt 0] Bytes parsed: 14
[15:58:55.176] [bmv2] [D] [thread 21195] [23.0] [cxt 0] Parser 'parser': end
[15:58:55.176] [bmv2] [D] [thread 21195] [23.0] [cxt 0] Pipeline 'ingress': start
[15:58:55.176] [bmv2] [T] [thread 21195] [23.0] [cxt 0] forwarding.p4(128) Condition "hdr.ipv4.isValid()" (node_2) is false
[15:58:55.176] [bmv2] [D] [thread 21195] [23.0] [cxt 0] Pipeline 'ingress': end
[15:58:55.176] [bmv2] [D] [thread 21195] [23.0] [cxt 0] Egress port is 0
[15:58:55.176] [bmv2] [D] [thread 21196] [23.0] [cxt 0] Pipeline 'egress': start
[15:58:55.176] [bmv2] [D] [thread 21196] [23.0] [cxt 0] Pipeline 'egress': end
[15:58:55.176] [bmv2] [D] [thread 21196] [23.0] [cxt 0] Deparser 'deparser': start
[15:58:55.176] [bmv2] [T] [thread 21196] [23.0] [cxt 0] Skipping checksum 'cksum' update because condition not met
[15:58:55.176] [bmv2] [D] [thread 21196] [23.0] [cxt 0] Deparsing header 'ethernet'
[15:58:55.176] [bmv2] [D] [thread 21196] [23.0] [cxt 0] Deparser 'deparser': end
[15:58:55.176] [bmv2] [D] [thread 21200] [23.0] [cxt 0] Transmitting packet of size 90 out of port 0
[15:58:55.525] [bmv2] [D] [thread 21195] [24.0] [cxt 0] Processing packet received on port 2
[15:58:55.525] [bmv2] [D] [thread 21195] [24.0] [cxt 0] Parser 'parser': start
[15:58:55.525] [bmv2] [D] [thread 21195] [24.0] [cxt 0] Parser 'parser' entering state 'start'
[15:58:55.525] [bmv2] [D] [thread 21195] [24.0] [cxt 0] Extracting header 'ethernet'
[15:58:55.525] [bmv2] [D] [thread 21195] [24.0] [cxt 0] Parser state 'start': key is 86dd
[15:58:55.525] [bmv2] [T] [thread 21195] [24.0] [cxt 0] Bytes parsed: 14
[15:58:55.526] [bmv2] [D] [thread 21195] [24.0] [cxt 0] Parser 'parser': end
[15:58:55.526] [bmv2] [D] [thread 21195] [24.0] [cxt 0] Pipeline 'ingress': start
[15:58:55.526] [bmv2] [T] [thread 21195] [24.0] [cxt 0] forwarding.p4(128) Condition "hdr.ipv4.isValid()" (node_2) is false
[15:58:55.526] [bmv2] [D] [thread 21195] [24.0] [cxt 0] Pipeline 'ingress': end
[15:58:55.526] [bmv2] [D] [thread 21195] [24.0] [cxt 0] Egress port is 0
[15:58:55.526] [bmv2] [D] [thread 21196] [24.0] [cxt 0] Pipeline 'egress': start
[15:58:55.527] [bmv2] [D] [thread 21196] [24.0] [cxt 0] Pipeline 'egress': end
[15:58:55.527] [bmv2] [D] [thread 21196] [24.0] [cxt 0] Deparser 'deparser': start
[15:58:55.527] [bmv2] [T] [thread 21196] [24.0] [cxt 0] Skipping checksum 'cksum' update because condition not met
[15:58:55.527] [bmv2] [D] [thread 21196] [24.0] [cxt 0] Deparsing header 'ethernet'
[15:58:55.527] [bmv2] [D] [thread 21196] [24.0] [cxt 0] Deparser 'deparser': end
[15:58:55.527] [bmv2] [D] [thread 21200] [24.0] [cxt 0] Transmitting packet of size 90 out of port 0
[15:58:57.199] [bmv2] [T] [thread 21286] bm_get_config
[15:58:57.200] [bmv2] [T] [thread 21286] bm_set_default_action
[15:58:57.200] [bmv2] [D] [thread 21286] Set default entry for table 'MyIngress.ipv4_lpm': MyIngress.drop - 
[15:58:57.201] [bmv2] [T] [thread 21286] bm_table_add_entry
[15:58:57.201] [bmv2] [D] [thread 21286] Entry 0 added to table 'MyIngress.ipv4_lpm'
[15:58:57.201] [bmv2] [D] [thread 21286] Dumping entry 0
Match key:
* hdr.ipv4.dstAddr    : LPM       0a000101/32
Action entry: MyIngress.ipv4_forward - a000101,1,

[15:58:57.202] [bmv2] [T] [thread 21286] bm_table_add_entry
[15:58:57.202] [bmv2] [D] [thread 21286] Entry 1 added to table 'MyIngress.ipv4_lpm'
[15:58:57.202] [bmv2] [D] [thread 21286] Dumping entry 1
Match key:
* hdr.ipv4.dstAddr    : LPM       0a000202/32
Action entry: MyIngress.ipv4_forward - 10a000202,2,

[15:58:57.203] [bmv2] [T] [thread 21286] bm_table_add_entry
[15:58:57.203] [bmv2] [D] [thread 21286] Entry 2 added to table 'MyIngress.ipv4_lpm'
[15:58:57.203] [bmv2] [D] [thread 21286] Dumping entry 2
Match key:
* hdr.ipv4.dstAddr    : LPM       0a000300/24
Action entry: MyIngress.ipv4_forward - 30100,3,

