Warning: you requested the nanomsg event logger, but bmv2 was compiled without -DBMELOG, and the event logger cannot be activated
Calling target program-options parser
[15:58:06.732] [bmv2] [D] [thread 20635] Set default default entry for table 'tbl_act': act - 
[15:58:06.733] [bmv2] [D] [thread 20635] Set default default entry for table 'MyIngress.update_bloom_filter': MyIngress._update_bloom_filter - 
[15:58:06.733] [bmv2] [D] [thread 20635] Set default default entry for table 'MyIngress.drop_table': MyIngress.drop - 
[15:58:06.733] [bmv2] [D] [thread 20635] Set default default entry for table 'tbl_heavy_hitter233': heavy_hitter233 - 
[15:58:06.733] [bmv2] [D] [thread 20635] Set default default entry for table 'MyIngress.ipv4_lpm': NoAction - 
Adding interface s3-eth1 as port 1
[15:58:06.745] [bmv2] [D] [thread 20635] Adding interface s3-eth1 as port 1
Adding interface s3-eth2 as port 2
[15:58:06.774] [bmv2] [D] [thread 20635] Adding interface s3-eth2 as port 2
Adding interface s3-eth3 as port 3
[15:58:06.805] [bmv2] [D] [thread 20635] Adding interface s3-eth3 as port 3
[15:58:06.838] [bmv2] [I] [thread 20635] Starting Thrift server on port 9092
[15:58:06.838] [bmv2] [I] [thread 20635] Thrift server was started
[15:58:06.867] [bmv2] [D] [thread 20641] [0.0] [cxt 0] Processing packet received on port 1
[15:58:06.867] [bmv2] [D] [thread 20641] [0.0] [cxt 0] Parser 'parser': start
[15:58:06.867] [bmv2] [D] [thread 20641] [0.0] [cxt 0] Parser 'parser' entering state 'start'
[15:58:06.867] [bmv2] [D] [thread 20641] [0.0] [cxt 0] Extracting header 'ethernet'
[15:58:06.867] [bmv2] [D] [thread 20641] [0.0] [cxt 0] Parser state 'start': key is 86dd
[15:58:06.867] [bmv2] [T] [thread 20641] [0.0] [cxt 0] Bytes parsed: 14
[15:58:06.867] [bmv2] [D] [thread 20641] [0.0] [cxt 0] Parser 'parser': end
[15:58:06.867] [bmv2] [D] [thread 20641] [0.0] [cxt 0] Pipeline 'ingress': start
[15:58:06.867] [bmv2] [T] [thread 20641] [0.0] [cxt 0] Applying table 'tbl_act'
[15:58:06.867] [bmv2] [D] [thread 20641] [0.0] [cxt 0] Looking up key:

[15:58:06.867] [bmv2] [D] [thread 20641] [0.0] [cxt 0] Table 'tbl_act': miss
[15:58:06.867] [bmv2] [D] [thread 20641] [0.0] [cxt 0] Action entry is act - 
[15:58:06.867] [bmv2] [T] [thread 20641] [0.0] [cxt 0] Action act
[15:58:06.867] [bmv2] [T] [thread 20641] [0.0] [cxt 0] Primitive (no source info)
[15:58:06.867] [bmv2] [T] [thread 20641] [0.0] [cxt 0] heavy_hitter.p4(227) Condition "hdr.ipv4.isValid()" (node_3) is false
[15:58:06.867] [bmv2] [D] [thread 20641] [0.0] [cxt 0] Pipeline 'ingress': end
[15:58:06.868] [bmv2] [D] [thread 20641] [0.0] [cxt 0] Egress port is 0
[15:58:06.868] [bmv2] [D] [thread 20642] [0.0] [cxt 0] Pipeline 'egress': start
[15:58:06.868] [bmv2] [D] [thread 20642] [0.0] [cxt 0] Pipeline 'egress': end
[15:58:06.868] [bmv2] [D] [thread 20642] [0.0] [cxt 0] Deparser 'deparser': start
[15:58:06.868] [bmv2] [T] [thread 20642] [0.0] [cxt 0] Skipping checksum 'cksum' update because condition not met
[15:58:06.868] [bmv2] [D] [thread 20642] [0.0] [cxt 0] Deparsing header 'ethernet'
[15:58:06.868] [bmv2] [D] [thread 20642] [0.0] [cxt 0] Deparser 'deparser': end
[15:58:06.868] [bmv2] [D] [thread 20646] [0.0] [cxt 0] Transmitting packet of size 90 out of port 0
[15:58:08.952] [bmv2] [T] [thread 20692] bm_get_config
[15:58:08.954] [bmv2] [T] [thread 20692] bm_set_default_action
[15:58:08.954] [bmv2] [D] [thread 20692] Set default entry for table 'MyIngress.ipv4_lpm': MyIngress.drop - 
[15:58:08.954] [bmv2] [T] [thread 20692] bm_table_add_entry
[15:58:08.955] [bmv2] [D] [thread 20692] Entry 0 added to table 'MyIngress.ipv4_lpm'
[15:58:08.955] [bmv2] [D] [thread 20692] Dumping entry 0
Match key:
* hdr.ipv4.dstAddr    : LPM       0a000000/16
Action entry: MyIngress.ipv4_forward - 10300,1,

[15:58:08.955] [bmv2] [T] [thread 20692] bm_table_add_entry
[15:58:08.955] [bmv2] [D] [thread 20692] Entry 1 added to table 'MyIngress.ipv4_lpm'
[15:58:08.956] [bmv2] [D] [thread 20692] Dumping entry 1
Match key:
* hdr.ipv4.dstAddr    : LPM       0a000303/32
Action entry: MyIngress.ipv4_forward - a000303,2,

[15:58:08.956] [bmv2] [T] [thread 20692] bm_table_add_entry
[15:58:08.956] [bmv2] [D] [thread 20692] Entry 2 added to table 'MyIngress.ipv4_lpm'
[15:58:08.956] [bmv2] [D] [thread 20692] Dumping entry 2
Match key:
* hdr.ipv4.dstAddr    : LPM       0a000304/32
Action entry: MyIngress.ipv4_forward - a000304,3,

open: No such file or directory
open: No such file or directory
open: No such file or directory
