Warning: you requested the nanomsg event logger, but bmv2 was compiled without -DBMELOG, and the event logger cannot be activated
Calling target program-options parser
[15:58:04.705] [bmv2] [D] [thread 20606] Set default default entry for table 'tbl_act': act - 
[15:58:04.705] [bmv2] [D] [thread 20606] Set default default entry for table 'MyIngress.update_bloom_filter': MyIngress._update_bloom_filter - 
[15:58:04.705] [bmv2] [D] [thread 20606] Set default default entry for table 'MyIngress.drop_table': MyIngress.drop - 
[15:58:04.706] [bmv2] [D] [thread 20606] Set default default entry for table 'tbl_heavy_hitter233': heavy_hitter233 - 
[15:58:04.706] [bmv2] [D] [thread 20606] Set default default entry for table 'MyIngress.ipv4_lpm': NoAction - 
Adding interface s1-eth1 as port 1
[15:58:04.716] [bmv2] [D] [thread 20606] Adding interface s1-eth1 as port 1
Adding interface s1-eth2 as port 2
[15:58:04.742] [bmv2] [D] [thread 20606] Adding interface s1-eth2 as port 2
Adding interface s1-eth3 as port 3
[15:58:04.767] [bmv2] [D] [thread 20606] Adding interface s1-eth3 as port 3
[15:58:04.790] [bmv2] [I] [thread 20606] Starting Thrift server on port 9090
[15:58:04.791] [bmv2] [I] [thread 20606] Thrift server was started
[15:58:04.818] [bmv2] [D] [thread 20612] [0.0] [cxt 0] Processing packet received on port 3
[15:58:04.818] [bmv2] [D] [thread 20612] [0.0] [cxt 0] Parser 'parser': start
[15:58:04.818] [bmv2] [D] [thread 20612] [0.0] [cxt 0] Parser 'parser' entering state 'start'
[15:58:04.818] [bmv2] [D] [thread 20612] [0.0] [cxt 0] Extracting header 'ethernet'
[15:58:04.818] [bmv2] [D] [thread 20612] [0.0] [cxt 0] Parser state 'start': key is 86dd
[15:58:04.818] [bmv2] [T] [thread 20612] [0.0] [cxt 0] Bytes parsed: 14
[15:58:04.819] [bmv2] [D] [thread 20612] [0.0] [cxt 0] Parser 'parser': end
[15:58:04.819] [bmv2] [D] [thread 20612] [0.0] [cxt 0] Pipeline 'ingress': start
[15:58:04.819] [bmv2] [T] [thread 20612] [0.0] [cxt 0] Applying table 'tbl_act'
[15:58:04.819] [bmv2] [D] [thread 20612] [0.0] [cxt 0] Looking up key:

[15:58:04.819] [bmv2] [D] [thread 20612] [0.0] [cxt 0] Table 'tbl_act': miss
[15:58:04.819] [bmv2] [D] [thread 20612] [0.0] [cxt 0] Action entry is act - 
[15:58:04.819] [bmv2] [T] [thread 20612] [0.0] [cxt 0] Action act
[15:58:04.819] [bmv2] [T] [thread 20612] [0.0] [cxt 0] Primitive (no source info)
[15:58:04.820] [bmv2] [T] [thread 20612] [0.0] [cxt 0] heavy_hitter.p4(227) Condition "hdr.ipv4.isValid()" (node_3) is false
[15:58:04.820] [bmv2] [D] [thread 20612] [0.0] [cxt 0] Pipeline 'ingress': end
[15:58:04.820] [bmv2] [D] [thread 20612] [0.0] [cxt 0] Egress port is 0
[15:58:04.820] [bmv2] [D] [thread 20613] [0.0] [cxt 0] Pipeline 'egress': start
[15:58:04.820] [bmv2] [D] [thread 20613] [0.0] [cxt 0] Pipeline 'egress': end
[15:58:04.820] [bmv2] [D] [thread 20613] [0.0] [cxt 0] Deparser 'deparser': start
[15:58:04.820] [bmv2] [T] [thread 20613] [0.0] [cxt 0] Skipping checksum 'cksum' update because condition not met
[15:58:04.820] [bmv2] [D] [thread 20613] [0.0] [cxt 0] Deparsing header 'ethernet'
[15:58:04.820] [bmv2] [D] [thread 20613] [0.0] [cxt 0] Deparser 'deparser': end
[15:58:04.820] [bmv2] [D] [thread 20617] [0.0] [cxt 0] Transmitting packet of size 90 out of port 0
[15:58:04.858] [bmv2] [D] [thread 20612] [1.0] [cxt 0] Processing packet received on port 3
[15:58:04.858] [bmv2] [D] [thread 20612] [1.0] [cxt 0] Parser 'parser': start
[15:58:04.858] [bmv2] [D] [thread 20612] [1.0] [cxt 0] Parser 'parser' entering state 'start'
[15:58:04.858] [bmv2] [D] [thread 20612] [1.0] [cxt 0] Extracting header 'ethernet'
[15:58:04.858] [bmv2] [D] [thread 20612] [1.0] [cxt 0] Parser state 'start': key is 86dd
[15:58:04.859] [bmv2] [T] [thread 20612] [1.0] [cxt 0] Bytes parsed: 14
[15:58:04.859] [bmv2] [D] [thread 20612] [1.0] [cxt 0] Parser 'parser': end
[15:58:04.859] [bmv2] [D] [thread 20612] [1.0] [cxt 0] Pipeline 'ingress': start
[15:58:04.859] [bmv2] [T] [thread 20612] [1.0] [cxt 0] Applying table 'tbl_act'
[15:58:04.859] [bmv2] [D] [thread 20612] [1.0] [cxt 0] Looking up key:

[15:58:04.860] [bmv2] [D] [thread 20612] [1.0] [cxt 0] Table 'tbl_act': miss
[15:58:04.860] [bmv2] [D] [thread 20612] [1.0] [cxt 0] Action entry is act - 
[15:58:04.860] [bmv2] [T] [thread 20612] [1.0] [cxt 0] Action act
[15:58:04.860] [bmv2] [T] [thread 20612] [1.0] [cxt 0] Primitive (no source info)
[15:58:04.861] [bmv2] [T] [thread 20612] [1.0] [cxt 0] heavy_hitter.p4(227) Condition "hdr.ipv4.isValid()" (node_3) is false
[15:58:04.861] [bmv2] [D] [thread 20612] [1.0] [cxt 0] Pipeline 'ingress': end
[15:58:04.861] [bmv2] [D] [thread 20612] [1.0] [cxt 0] Egress port is 0
[15:58:04.861] [bmv2] [D] [thread 20613] [1.0] [cxt 0] Pipeline 'egress': start
[15:58:04.861] [bmv2] [D] [thread 20613] [1.0] [cxt 0] Pipeline 'egress': end
[15:58:04.862] [bmv2] [D] [thread 20613] [1.0] [cxt 0] Deparser 'deparser': start
[15:58:04.862] [bmv2] [T] [thread 20613] [1.0] [cxt 0] Skipping checksum 'cksum' update because condition not met
[15:58:04.862] [bmv2] [D] [thread 20613] [1.0] [cxt 0] Deparsing header 'ethernet'
[15:58:04.862] [bmv2] [D] [thread 20613] [1.0] [cxt 0] Deparser 'deparser': end
[15:58:04.863] [bmv2] [D] [thread 20617] [1.0] [cxt 0] Transmitting packet of size 90 out of port 0
[15:58:04.984] [bmv2] [D] [thread 20612] [2.0] [cxt 0] Processing packet received on port 3
[15:58:04.984] [bmv2] [D] [thread 20612] [2.0] [cxt 0] Parser 'parser': start
[15:58:04.984] [bmv2] [D] [thread 20612] [2.0] [cxt 0] Parser 'parser' entering state 'start'
[15:58:04.984] [bmv2] [D] [thread 20612] [2.0] [cxt 0] Extracting header 'ethernet'
[15:58:04.985] [bmv2] [D] [thread 20612] [2.0] [cxt 0] Parser state 'start': key is 86dd
[15:58:04.985] [bmv2] [T] [thread 20612] [2.0] [cxt 0] Bytes parsed: 14
[15:58:04.985] [bmv2] [D] [thread 20612] [2.0] [cxt 0] Parser 'parser': end
[15:58:04.985] [bmv2] [D] [thread 20612] [2.0] [cxt 0] Pipeline 'ingress': start
[15:58:04.985] [bmv2] [T] [thread 20612] [2.0] [cxt 0] Applying table 'tbl_act'
[15:58:04.986] [bmv2] [D] [thread 20612] [2.0] [cxt 0] Looking up key:

[15:58:04.986] [bmv2] [D] [thread 20612] [2.0] [cxt 0] Table 'tbl_act': miss
[15:58:04.986] [bmv2] [D] [thread 20612] [2.0] [cxt 0] Action entry is act - 
[15:58:04.986] [bmv2] [T] [thread 20612] [2.0] [cxt 0] Action act
[15:58:04.986] [bmv2] [T] [thread 20612] [2.0] [cxt 0] Primitive (no source info)
[15:58:04.987] [bmv2] [T] [thread 20612] [2.0] [cxt 0] heavy_hitter.p4(227) Condition "hdr.ipv4.isValid()" (node_3) is false
[15:58:04.987] [bmv2] [D] [thread 20612] [2.0] [cxt 0] Pipeline 'ingress': end
[15:58:04.987] [bmv2] [D] [thread 20612] [2.0] [cxt 0] Egress port is 0
[15:58:04.987] [bmv2] [D] [thread 20613] [2.0] [cxt 0] Pipeline 'egress': start
[15:58:04.988] [bmv2] [D] [thread 20613] [2.0] [cxt 0] Pipeline 'egress': end
[15:58:04.988] [bmv2] [D] [thread 20613] [2.0] [cxt 0] Deparser 'deparser': start
[15:58:04.988] [bmv2] [T] [thread 20613] [2.0] [cxt 0] Skipping checksum 'cksum' update because condition not met
[15:58:04.988] [bmv2] [D] [thread 20613] [2.0] [cxt 0] Deparsing header 'ethernet'
[15:58:04.988] [bmv2] [D] [thread 20613] [2.0] [cxt 0] Deparser 'deparser': end
[15:58:04.988] [bmv2] [D] [thread 20617] [2.0] [cxt 0] Transmitting packet of size 78 out of port 0
[15:58:05.129] [bmv2] [D] [thread 20612] [3.0] [cxt 0] Processing packet received on port 2
[15:58:05.130] [bmv2] [D] [thread 20612] [3.0] [cxt 0] Parser 'parser': start
[15:58:05.130] [bmv2] [D] [thread 20612] [3.0] [cxt 0] Parser 'parser' entering state 'start'
[15:58:05.130] [bmv2] [D] [thread 20612] [3.0] [cxt 0] Extracting header 'ethernet'
[15:58:05.130] [bmv2] [D] [thread 20612] [3.0] [cxt 0] Parser state 'start': key is 86dd
[15:58:05.130] [bmv2] [T] [thread 20612] [3.0] [cxt 0] Bytes parsed: 14
[15:58:05.130] [bmv2] [D] [thread 20612] [3.0] [cxt 0] Parser 'parser': end
[15:58:05.130] [bmv2] [D] [thread 20612] [3.0] [cxt 0] Pipeline 'ingress': start
[15:58:05.131] [bmv2] [T] [thread 20612] [3.0] [cxt 0] Applying table 'tbl_act'
[15:58:05.131] [bmv2] [D] [thread 20612] [3.0] [cxt 0] Looking up key:

[15:58:05.131] [bmv2] [D] [thread 20612] [3.0] [cxt 0] Table 'tbl_act': miss
[15:58:05.131] [bmv2] [D] [thread 20612] [3.0] [cxt 0] Action entry is act - 
[15:58:05.131] [bmv2] [T] [thread 20612] [3.0] [cxt 0] Action act
[15:58:05.132] [bmv2] [T] [thread 20612] [3.0] [cxt 0] Primitive (no source info)
[15:58:05.132] [bmv2] [T] [thread 20612] [3.0] [cxt 0] heavy_hitter.p4(227) Condition "hdr.ipv4.isValid()" (node_3) is false
[15:58:05.132] [bmv2] [D] [thread 20612] [3.0] [cxt 0] Pipeline 'ingress': end
[15:58:05.132] [bmv2] [D] [thread 20612] [3.0] [cxt 0] Egress port is 0
[15:58:05.132] [bmv2] [D] [thread 20613] [3.0] [cxt 0] Pipeline 'egress': start
[15:58:05.132] [bmv2] [D] [thread 20613] [3.0] [cxt 0] Pipeline 'egress': end
[15:58:05.132] [bmv2] [D] [thread 20613] [3.0] [cxt 0] Deparser 'deparser': start
[15:58:05.132] [bmv2] [T] [thread 20613] [3.0] [cxt 0] Skipping checksum 'cksum' update because condition not met
[15:58:05.132] [bmv2] [D] [thread 20613] [3.0] [cxt 0] Deparsing header 'ethernet'
[15:58:05.132] [bmv2] [D] [thread 20613] [3.0] [cxt 0] Deparser 'deparser': end
[15:58:05.133] [bmv2] [D] [thread 20617] [3.0] [cxt 0] Transmitting packet of size 90 out of port 0
[15:58:05.280] [bmv2] [D] [thread 20612] [4.0] [cxt 0] Processing packet received on port 1
[15:58:05.280] [bmv2] [D] [thread 20612] [4.0] [cxt 0] Parser 'parser': start
[15:58:05.280] [bmv2] [D] [thread 20612] [4.0] [cxt 0] Parser 'parser' entering state 'start'
[15:58:05.280] [bmv2] [D] [thread 20612] [4.0] [cxt 0] Extracting header 'ethernet'
[15:58:05.281] [bmv2] [D] [thread 20612] [4.0] [cxt 0] Parser state 'start': key is 86dd
[15:58:05.281] [bmv2] [T] [thread 20612] [4.0] [cxt 0] Bytes parsed: 14
[15:58:05.281] [bmv2] [D] [thread 20612] [4.0] [cxt 0] Parser 'parser': end
[15:58:05.281] [bmv2] [D] [thread 20612] [4.0] [cxt 0] Pipeline 'ingress': start
[15:58:05.281] [bmv2] [T] [thread 20612] [4.0] [cxt 0] Applying table 'tbl_act'
[15:58:05.281] [bmv2] [D] [thread 20612] [4.0] [cxt 0] Looking up key:

[15:58:05.281] [bmv2] [D] [thread 20612] [4.0] [cxt 0] Table 'tbl_act': miss
[15:58:05.282] [bmv2] [D] [thread 20612] [4.0] [cxt 0] Action entry is act - 
[15:58:05.282] [bmv2] [T] [thread 20612] [4.0] [cxt 0] Action act
[15:58:05.282] [bmv2] [T] [thread 20612] [4.0] [cxt 0] Primitive (no source info)
[15:58:05.282] [bmv2] [T] [thread 20612] [4.0] [cxt 0] heavy_hitter.p4(227) Condition "hdr.ipv4.isValid()" (node_3) is false
[15:58:05.282] [bmv2] [D] [thread 20612] [4.0] [cxt 0] Pipeline 'ingress': end
[15:58:05.283] [bmv2] [D] [thread 20612] [4.0] [cxt 0] Egress port is 0
[15:58:05.283] [bmv2] [D] [thread 20613] [4.0] [cxt 0] Pipeline 'egress': start
[15:58:05.283] [bmv2] [D] [thread 20613] [4.0] [cxt 0] Pipeline 'egress': end
[15:58:05.283] [bmv2] [D] [thread 20613] [4.0] [cxt 0] Deparser 'deparser': start
[15:58:05.283] [bmv2] [T] [thread 20613] [4.0] [cxt 0] Skipping checksum 'cksum' update because condition not met
[15:58:05.283] [bmv2] [D] [thread 20613] [4.0] [cxt 0] Deparsing header 'ethernet'
[15:58:05.283] [bmv2] [D] [thread 20613] [4.0] [cxt 0] Deparser 'deparser': end
[15:58:05.284] [bmv2] [D] [thread 20617] [4.0] [cxt 0] Transmitting packet of size 78 out of port 0
[15:58:05.447] [bmv2] [D] [thread 20612] [5.0] [cxt 0] Processing packet received on port 2
[15:58:05.447] [bmv2] [D] [thread 20612] [5.0] [cxt 0] Parser 'parser': start
[15:58:05.447] [bmv2] [D] [thread 20612] [5.0] [cxt 0] Parser 'parser' entering state 'start'
[15:58:05.448] [bmv2] [D] [thread 20612] [5.0] [cxt 0] Extracting header 'ethernet'
[15:58:05.448] [bmv2] [D] [thread 20612] [5.0] [cxt 0] Parser state 'start': key is 86dd
[15:58:05.448] [bmv2] [T] [thread 20612] [5.0] [cxt 0] Bytes parsed: 14
[15:58:05.448] [bmv2] [D] [thread 20612] [5.0] [cxt 0] Parser 'parser': end
[15:58:05.448] [bmv2] [D] [thread 20612] [5.0] [cxt 0] Pipeline 'ingress': start
[15:58:05.448] [bmv2] [T] [thread 20612] [5.0] [cxt 0] Applying table 'tbl_act'
[15:58:05.449] [bmv2] [D] [thread 20612] [5.0] [cxt 0] Looking up key:

[15:58:05.449] [bmv2] [D] [thread 20612] [5.0] [cxt 0] Table 'tbl_act': miss
[15:58:05.449] [bmv2] [D] [thread 20612] [5.0] [cxt 0] Action entry is act - 
[15:58:05.449] [bmv2] [T] [thread 20612] [5.0] [cxt 0] Action act
[15:58:05.449] [bmv2] [T] [thread 20612] [5.0] [cxt 0] Primitive (no source info)
[15:58:05.449] [bmv2] [T] [thread 20612] [5.0] [cxt 0] heavy_hitter.p4(227) Condition "hdr.ipv4.isValid()" (node_3) is false
[15:58:05.449] [bmv2] [D] [thread 20612] [5.0] [cxt 0] Pipeline 'ingress': end
[15:58:05.449] [bmv2] [D] [thread 20612] [5.0] [cxt 0] Egress port is 0
[15:58:05.450] [bmv2] [D] [thread 20613] [5.0] [cxt 0] Pipeline 'egress': start
[15:58:05.450] [bmv2] [D] [thread 20613] [5.0] [cxt 0] Pipeline 'egress': end
[15:58:05.450] [bmv2] [D] [thread 20613] [5.0] [cxt 0] Deparser 'deparser': start
[15:58:05.450] [bmv2] [T] [thread 20613] [5.0] [cxt 0] Skipping checksum 'cksum' update because condition not met
[15:58:05.450] [bmv2] [D] [thread 20613] [5.0] [cxt 0] Deparsing header 'ethernet'
[15:58:05.450] [bmv2] [D] [thread 20613] [5.0] [cxt 0] Deparser 'deparser': end
[15:58:05.450] [bmv2] [D] [thread 20617] [5.0] [cxt 0] Transmitting packet of size 90 out of port 0
[15:58:05.485] [bmv2] [D] [thread 20612] [6.0] [cxt 0] Processing packet received on port 3
[15:58:05.485] [bmv2] [D] [thread 20612] [6.0] [cxt 0] Parser 'parser': start
[15:58:05.486] [bmv2] [D] [thread 20612] [6.0] [cxt 0] Parser 'parser' entering state 'start'
[15:58:05.486] [bmv2] [D] [thread 20612] [6.0] [cxt 0] Extracting header 'ethernet'
[15:58:05.486] [bmv2] [D] [thread 20612] [6.0] [cxt 0] Parser state 'start': key is 86dd
[15:58:05.486] [bmv2] [T] [thread 20612] [6.0] [cxt 0] Bytes parsed: 14
[15:58:05.486] [bmv2] [D] [thread 20612] [6.0] [cxt 0] Parser 'parser': end
[15:58:05.486] [bmv2] [D] [thread 20612] [6.0] [cxt 0] Pipeline 'ingress': start
[15:58:05.487] [bmv2] [T] [thread 20612] [6.0] [cxt 0] Applying table 'tbl_act'
[15:58:05.487] [bmv2] [D] [thread 20612] [6.0] [cxt 0] Looking up key:

[15:58:05.487] [bmv2] [D] [thread 20612] [6.0] [cxt 0] Table 'tbl_act': miss
[15:58:05.487] [bmv2] [D] [thread 20612] [6.0] [cxt 0] Action entry is act - 
[15:58:05.487] [bmv2] [T] [thread 20612] [6.0] [cxt 0] Action act
[15:58:05.487] [bmv2] [T] [thread 20612] [6.0] [cxt 0] Primitive (no source info)
[15:58:05.488] [bmv2] [T] [thread 20612] [6.0] [cxt 0] heavy_hitter.p4(227) Condition "hdr.ipv4.isValid()" (node_3) is false
[15:58:05.488] [bmv2] [D] [thread 20612] [6.0] [cxt 0] Pipeline 'ingress': end
[15:58:05.488] [bmv2] [D] [thread 20612] [6.0] [cxt 0] Egress port is 0
[15:58:05.488] [bmv2] [D] [thread 20613] [6.0] [cxt 0] Pipeline 'egress': start
[15:58:05.488] [bmv2] [D] [thread 20613] [6.0] [cxt 0] Pipeline 'egress': end
[15:58:05.488] [bmv2] [D] [thread 20613] [6.0] [cxt 0] Deparser 'deparser': start
[15:58:05.488] [bmv2] [T] [thread 20613] [6.0] [cxt 0] Skipping checksum 'cksum' update because condition not met
[15:58:05.488] [bmv2] [D] [thread 20613] [6.0] [cxt 0] Deparsing header 'ethernet'
[15:58:05.488] [bmv2] [D] [thread 20613] [6.0] [cxt 0] Deparser 'deparser': end
[15:58:05.489] [bmv2] [D] [thread 20617] [6.0] [cxt 0] Transmitting packet of size 78 out of port 0
[15:58:05.497] [bmv2] [D] [thread 20612] [7.0] [cxt 0] Processing packet received on port 1
[15:58:05.497] [bmv2] [D] [thread 20612] [7.0] [cxt 0] Parser 'parser': start
[15:58:05.497] [bmv2] [D] [thread 20612] [7.0] [cxt 0] Parser 'parser' entering state 'start'
[15:58:05.497] [bmv2] [D] [thread 20612] [7.0] [cxt 0] Extracting header 'ethernet'
[15:58:05.498] [bmv2] [D] [thread 20612] [7.0] [cxt 0] Parser state 'start': key is 86dd
[15:58:05.498] [bmv2] [T] [thread 20612] [7.0] [cxt 0] Bytes parsed: 14
[15:58:05.498] [bmv2] [D] [thread 20612] [7.0] [cxt 0] Parser 'parser': end
[15:58:05.498] [bmv2] [D] [thread 20612] [7.0] [cxt 0] Pipeline 'ingress': start
[15:58:05.498] [bmv2] [T] [thread 20612] [7.0] [cxt 0] Applying table 'tbl_act'
[15:58:05.498] [bmv2] [D] [thread 20612] [7.0] [cxt 0] Looking up key:

[15:58:05.498] [bmv2] [D] [thread 20612] [7.0] [cxt 0] Table 'tbl_act': miss
[15:58:05.499] [bmv2] [D] [thread 20612] [7.0] [cxt 0] Action entry is act - 
[15:58:05.499] [bmv2] [T] [thread 20612] [7.0] [cxt 0] Action act
[15:58:05.499] [bmv2] [T] [thread 20612] [7.0] [cxt 0] Primitive (no source info)
[15:58:05.499] [bmv2] [T] [thread 20612] [7.0] [cxt 0] heavy_hitter.p4(227) Condition "hdr.ipv4.isValid()" (node_3) is false
[15:58:05.499] [bmv2] [D] [thread 20612] [7.0] [cxt 0] Pipeline 'ingress': end
[15:58:05.499] [bmv2] [D] [thread 20612] [7.0] [cxt 0] Egress port is 0
[15:58:05.500] [bmv2] [D] [thread 20613] [7.0] [cxt 0] Pipeline 'egress': start
[15:58:05.500] [bmv2] [D] [thread 20613] [7.0] [cxt 0] Pipeline 'egress': end
[15:58:05.500] [bmv2] [D] [thread 20613] [7.0] [cxt 0] Deparser 'deparser': start
[15:58:05.500] [bmv2] [T] [thread 20613] [7.0] [cxt 0] Skipping checksum 'cksum' update because condition not met
[15:58:05.500] [bmv2] [D] [thread 20613] [7.0] [cxt 0] Deparsing header 'ethernet'
[15:58:05.500] [bmv2] [D] [thread 20613] [7.0] [cxt 0] Deparser 'deparser': end
[15:58:05.500] [bmv2] [D] [thread 20617] [7.0] [cxt 0] Transmitting packet of size 90 out of port 0
[15:58:05.520] [bmv2] [D] [thread 20612] [8.0] [cxt 0] Processing packet received on port 2
[15:58:05.520] [bmv2] [D] [thread 20612] [8.0] [cxt 0] Parser 'parser': start
[15:58:05.520] [bmv2] [D] [thread 20612] [8.0] [cxt 0] Parser 'parser' entering state 'start'
[15:58:05.520] [bmv2] [D] [thread 20612] [8.0] [cxt 0] Extracting header 'ethernet'
[15:58:05.520] [bmv2] [D] [thread 20612] [8.0] [cxt 0] Parser state 'start': key is 86dd
[15:58:05.521] [bmv2] [T] [thread 20612] [8.0] [cxt 0] Bytes parsed: 14
[15:58:05.521] [bmv2] [D] [thread 20612] [8.0] [cxt 0] Parser 'parser': end
[15:58:05.521] [bmv2] [D] [thread 20612] [8.0] [cxt 0] Pipeline 'ingress': start
[15:58:05.521] [bmv2] [T] [thread 20612] [8.0] [cxt 0] Applying table 'tbl_act'
[15:58:05.521] [bmv2] [D] [thread 20612] [8.0] [cxt 0] Looking up key:

[15:58:05.521] [bmv2] [D] [thread 20612] [8.0] [cxt 0] Table 'tbl_act': miss
[15:58:05.521] [bmv2] [D] [thread 20612] [8.0] [cxt 0] Action entry is act - 
[15:58:05.521] [bmv2] [T] [thread 20612] [8.0] [cxt 0] Action act
[15:58:05.521] [bmv2] [T] [thread 20612] [8.0] [cxt 0] Primitive (no source info)
[15:58:05.522] [bmv2] [T] [thread 20612] [8.0] [cxt 0] heavy_hitter.p4(227) Condition "hdr.ipv4.isValid()" (node_3) is false
[15:58:05.522] [bmv2] [D] [thread 20612] [8.0] [cxt 0] Pipeline 'ingress': end
[15:58:05.522] [bmv2] [D] [thread 20612] [8.0] [cxt 0] Egress port is 0
[15:58:05.522] [bmv2] [D] [thread 20613] [8.0] [cxt 0] Pipeline 'egress': start
[15:58:05.522] [bmv2] [D] [thread 20613] [8.0] [cxt 0] Pipeline 'egress': end
[15:58:05.522] [bmv2] [D] [thread 20613] [8.0] [cxt 0] Deparser 'deparser': start
[15:58:05.522] [bmv2] [T] [thread 20613] [8.0] [cxt 0] Skipping checksum 'cksum' update because condition not met
[15:58:05.522] [bmv2] [D] [thread 20613] [8.0] [cxt 0] Deparsing header 'ethernet'
[15:58:05.522] [bmv2] [D] [thread 20613] [8.0] [cxt 0] Deparser 'deparser': end
[15:58:05.522] [bmv2] [D] [thread 20617] [8.0] [cxt 0] Transmitting packet of size 78 out of port 0
[15:58:05.638] [bmv2] [D] [thread 20612] [9.0] [cxt 0] Processing packet received on port 2
[15:58:05.638] [bmv2] [D] [thread 20612] [9.0] [cxt 0] Parser 'parser': start
[15:58:05.638] [bmv2] [D] [thread 20612] [9.0] [cxt 0] Parser 'parser' entering state 'start'
[15:58:05.638] [bmv2] [D] [thread 20612] [9.0] [cxt 0] Extracting header 'ethernet'
[15:58:05.639] [bmv2] [D] [thread 20612] [9.0] [cxt 0] Parser state 'start': key is 86dd
[15:58:05.639] [bmv2] [T] [thread 20612] [9.0] [cxt 0] Bytes parsed: 14
[15:58:05.639] [bmv2] [D] [thread 20612] [9.0] [cxt 0] Parser 'parser': end
[15:58:05.639] [bmv2] [D] [thread 20612] [9.0] [cxt 0] Pipeline 'ingress': start
[15:58:05.639] [bmv2] [T] [thread 20612] [9.0] [cxt 0] Applying table 'tbl_act'
[15:58:05.639] [bmv2] [D] [thread 20612] [9.0] [cxt 0] Looking up key:

[15:58:05.640] [bmv2] [D] [thread 20612] [9.0] [cxt 0] Table 'tbl_act': miss
[15:58:05.640] [bmv2] [D] [thread 20612] [9.0] [cxt 0] Action entry is act - 
[15:58:05.640] [bmv2] [T] [thread 20612] [9.0] [cxt 0] Action act
[15:58:05.640] [bmv2] [T] [thread 20612] [9.0] [cxt 0] Primitive (no source info)
[15:58:05.640] [bmv2] [T] [thread 20612] [9.0] [cxt 0] heavy_hitter.p4(227) Condition "hdr.ipv4.isValid()" (node_3) is false
[15:58:05.647] [bmv2] [D] [thread 20612] [9.0] [cxt 0] Pipeline 'ingress': end
[15:58:05.647] [bmv2] [D] [thread 20612] [9.0] [cxt 0] Egress port is 0
[15:58:05.648] [bmv2] [D] [thread 20613] [9.0] [cxt 0] Pipeline 'egress': start
[15:58:05.648] [bmv2] [D] [thread 20613] [9.0] [cxt 0] Pipeline 'egress': end
[15:58:05.648] [bmv2] [D] [thread 20613] [9.0] [cxt 0] Deparser 'deparser': start
[15:58:05.648] [bmv2] [T] [thread 20613] [9.0] [cxt 0] Skipping checksum 'cksum' update because condition not met
[15:58:05.648] [bmv2] [D] [thread 20613] [9.0] [cxt 0] Deparsing header 'ethernet'
[15:58:05.648] [bmv2] [D] [thread 20613] [9.0] [cxt 0] Deparser 'deparser': end
[15:58:05.649] [bmv2] [D] [thread 20617] [9.0] [cxt 0] Transmitting packet of size 90 out of port 0
[15:58:05.648] [bmv2] [D] [thread 20612] [10.0] [cxt 0] Processing packet received on port 2
[15:58:05.649] [bmv2] [D] [thread 20612] [10.0] [cxt 0] Parser 'parser': start
[15:58:05.649] [bmv2] [D] [thread 20612] [10.0] [cxt 0] Parser 'parser' entering state 'start'
[15:58:05.650] [bmv2] [D] [thread 20612] [10.0] [cxt 0] Extracting header 'ethernet'
[15:58:05.650] [bmv2] [D] [thread 20612] [10.0] [cxt 0] Parser state 'start': key is 86dd
[15:58:05.650] [bmv2] [T] [thread 20612] [10.0] [cxt 0] Bytes parsed: 14
[15:58:05.650] [bmv2] [D] [thread 20612] [10.0] [cxt 0] Parser 'parser': end
[15:58:05.650] [bmv2] [D] [thread 20612] [10.0] [cxt 0] Pipeline 'ingress': start
[15:58:05.650] [bmv2] [T] [thread 20612] [10.0] [cxt 0] Applying table 'tbl_act'
[15:58:05.650] [bmv2] [D] [thread 20612] [10.0] [cxt 0] Looking up key:

[15:58:05.651] [bmv2] [D] [thread 20612] [10.0] [cxt 0] Table 'tbl_act': miss
[15:58:05.651] [bmv2] [D] [thread 20612] [10.0] [cxt 0] Action entry is act - 
[15:58:05.651] [bmv2] [T] [thread 20612] [10.0] [cxt 0] Action act
[15:58:05.651] [bmv2] [T] [thread 20612] [10.0] [cxt 0] Primitive (no source info)
[15:58:05.651] [bmv2] [T] [thread 20612] [10.0] [cxt 0] heavy_hitter.p4(227) Condition "hdr.ipv4.isValid()" (node_3) is false
[15:58:05.651] [bmv2] [D] [thread 20612] [10.0] [cxt 0] Pipeline 'ingress': end
[15:58:05.651] [bmv2] [D] [thread 20612] [10.0] [cxt 0] Egress port is 0
[15:58:05.652] [bmv2] [D] [thread 20613] [10.0] [cxt 0] Pipeline 'egress': start
[15:58:05.652] [bmv2] [D] [thread 20613] [10.0] [cxt 0] Pipeline 'egress': end
[15:58:05.652] [bmv2] [D] [thread 20613] [10.0] [cxt 0] Deparser 'deparser': start
[15:58:05.652] [bmv2] [T] [thread 20613] [10.0] [cxt 0] Skipping checksum 'cksum' update because condition not met
[15:58:05.652] [bmv2] [D] [thread 20613] [10.0] [cxt 0] Deparsing header 'ethernet'
[15:58:05.652] [bmv2] [D] [thread 20613] [10.0] [cxt 0] Deparser 'deparser': end
[15:58:05.652] [bmv2] [D] [thread 20617] [10.0] [cxt 0] Transmitting packet of size 70 out of port 0
[15:58:05.717] [bmv2] [D] [thread 20612] [11.0] [cxt 0] Processing packet received on port 2
[15:58:05.717] [bmv2] [D] [thread 20612] [11.0] [cxt 0] Parser 'parser': start
[15:58:05.717] [bmv2] [D] [thread 20612] [11.0] [cxt 0] Parser 'parser' entering state 'start'
[15:58:05.717] [bmv2] [D] [thread 20612] [11.0] [cxt 0] Extracting header 'ethernet'
[15:58:05.717] [bmv2] [D] [thread 20612] [11.0] [cxt 0] Parser state 'start': key is 86dd
[15:58:05.717] [bmv2] [T] [thread 20612] [11.0] [cxt 0] Bytes parsed: 14
[15:58:05.717] [bmv2] [D] [thread 20612] [11.0] [cxt 0] Parser 'parser': end
[15:58:05.718] [bmv2] [D] [thread 20612] [11.0] [cxt 0] Pipeline 'ingress': start
[15:58:05.718] [bmv2] [T] [thread 20612] [11.0] [cxt 0] Applying table 'tbl_act'
[15:58:05.718] [bmv2] [D] [thread 20612] [11.0] [cxt 0] Looking up key:

[15:58:05.718] [bmv2] [D] [thread 20612] [11.0] [cxt 0] Table 'tbl_act': miss
[15:58:05.718] [bmv2] [D] [thread 20612] [11.0] [cxt 0] Action entry is act - 
[15:58:05.718] [bmv2] [T] [thread 20612] [11.0] [cxt 0] Action act
[15:58:05.718] [bmv2] [T] [thread 20612] [11.0] [cxt 0] Primitive (no source info)
[15:58:05.719] [bmv2] [T] [thread 20612] [11.0] [cxt 0] heavy_hitter.p4(227) Condition "hdr.ipv4.isValid()" (node_3) is false
[15:58:05.719] [bmv2] [D] [thread 20612] [11.0] [cxt 0] Pipeline 'ingress': end
[15:58:05.719] [bmv2] [D] [thread 20612] [11.0] [cxt 0] Egress port is 0
[15:58:05.719] [bmv2] [D] [thread 20613] [11.0] [cxt 0] Pipeline 'egress': start
[15:58:05.719] [bmv2] [D] [thread 20613] [11.0] [cxt 0] Pipeline 'egress': end
[15:58:05.719] [bmv2] [D] [thread 20613] [11.0] [cxt 0] Deparser 'deparser': start
[15:58:05.719] [bmv2] [T] [thread 20613] [11.0] [cxt 0] Skipping checksum 'cksum' update because condition not met
[15:58:05.720] [bmv2] [D] [thread 20613] [11.0] [cxt 0] Deparsing header 'ethernet'
[15:58:05.720] [bmv2] [D] [thread 20613] [11.0] [cxt 0] Deparser 'deparser': end
[15:58:05.720] [bmv2] [D] [thread 20617] [11.0] [cxt 0] Transmitting packet of size 90 out of port 0
[15:58:05.982] [bmv2] [D] [thread 20612] [12.0] [cxt 0] Processing packet received on port 3
[15:58:05.982] [bmv2] [D] [thread 20612] [12.0] [cxt 0] Parser 'parser': start
[15:58:05.982] [bmv2] [D] [thread 20612] [12.0] [cxt 0] Parser 'parser' entering state 'start'
[15:58:05.983] [bmv2] [D] [thread 20612] [12.0] [cxt 0] Extracting header 'ethernet'
[15:58:05.983] [bmv2] [D] [thread 20612] [12.0] [cxt 0] Parser state 'start': key is 86dd
[15:58:05.983] [bmv2] [T] [thread 20612] [12.0] [cxt 0] Bytes parsed: 14
[15:58:05.984] [bmv2] [D] [thread 20612] [12.0] [cxt 0] Parser 'parser': end
[15:58:05.984] [bmv2] [D] [thread 20612] [12.0] [cxt 0] Pipeline 'ingress': start
[15:58:05.984] [bmv2] [T] [thread 20612] [12.0] [cxt 0] Applying table 'tbl_act'
[15:58:05.984] [bmv2] [D] [thread 20612] [12.0] [cxt 0] Looking up key:

[15:58:05.984] [bmv2] [D] [thread 20612] [12.0] [cxt 0] Table 'tbl_act': miss
[15:58:05.985] [bmv2] [D] [thread 20612] [12.0] [cxt 0] Action entry is act - 
[15:58:05.985] [bmv2] [T] [thread 20612] [12.0] [cxt 0] Action act
[15:58:05.985] [bmv2] [T] [thread 20612] [12.0] [cxt 0] Primitive (no source info)
[15:58:05.986] [bmv2] [T] [thread 20612] [12.0] [cxt 0] heavy_hitter.p4(227) Condition "hdr.ipv4.isValid()" (node_3) is false
[15:58:05.986] [bmv2] [D] [thread 20612] [12.0] [cxt 0] Pipeline 'ingress': end
[15:58:05.986] [bmv2] [D] [thread 20612] [12.0] [cxt 0] Egress port is 0
[15:58:05.986] [bmv2] [D] [thread 20613] [12.0] [cxt 0] Pipeline 'egress': start
[15:58:05.987] [bmv2] [D] [thread 20613] [12.0] [cxt 0] Pipeline 'egress': end
[15:58:05.987] [bmv2] [D] [thread 20613] [12.0] [cxt 0] Deparser 'deparser': start
[15:58:05.987] [bmv2] [T] [thread 20613] [12.0] [cxt 0] Skipping checksum 'cksum' update because condition not met
[15:58:05.987] [bmv2] [D] [thread 20613] [12.0] [cxt 0] Deparsing header 'ethernet'
[15:58:05.988] [bmv2] [D] [thread 20613] [12.0] [cxt 0] Deparser 'deparser': end
[15:58:05.988] [bmv2] [D] [thread 20617] [12.0] [cxt 0] Transmitting packet of size 90 out of port 0
[15:58:05.987] [bmv2] [D] [thread 20612] [13.0] [cxt 0] Processing packet received on port 3
[15:58:05.988] [bmv2] [D] [thread 20612] [13.0] [cxt 0] Parser 'parser': start
[15:58:05.989] [bmv2] [D] [thread 20612] [13.0] [cxt 0] Parser 'parser' entering state 'start'
[15:58:05.989] [bmv2] [D] [thread 20612] [13.0] [cxt 0] Extracting header 'ethernet'
[15:58:05.989] [bmv2] [D] [thread 20612] [13.0] [cxt 0] Parser state 'start': key is 86dd
[15:58:05.989] [bmv2] [T] [thread 20612] [13.0] [cxt 0] Bytes parsed: 14
[15:58:05.989] [bmv2] [D] [thread 20612] [13.0] [cxt 0] Parser 'parser': end
[15:58:05.990] [bmv2] [D] [thread 20612] [13.0] [cxt 0] Pipeline 'ingress': start
[15:58:05.990] [bmv2] [T] [thread 20612] [13.0] [cxt 0] Applying table 'tbl_act'
[15:58:05.990] [bmv2] [D] [thread 20612] [13.0] [cxt 0] Looking up key:

[15:58:05.990] [bmv2] [D] [thread 20612] [13.0] [cxt 0] Table 'tbl_act': miss
[15:58:05.990] [bmv2] [D] [thread 20612] [13.0] [cxt 0] Action entry is act - 
[15:58:05.990] [bmv2] [T] [thread 20612] [13.0] [cxt 0] Action act
[15:58:05.990] [bmv2] [T] [thread 20612] [13.0] [cxt 0] Primitive (no source info)
[15:58:05.990] [bmv2] [T] [thread 20612] [13.0] [cxt 0] heavy_hitter.p4(227) Condition "hdr.ipv4.isValid()" (node_3) is false
[15:58:05.990] [bmv2] [D] [thread 20612] [13.0] [cxt 0] Pipeline 'ingress': end
[15:58:05.990] [bmv2] [D] [thread 20612] [13.0] [cxt 0] Egress port is 0
[15:58:05.990] [bmv2] [D] [thread 20613] [13.0] [cxt 0] Pipeline 'egress': start
[15:58:05.990] [bmv2] [D] [thread 20613] [13.0] [cxt 0] Pipeline 'egress': end
[15:58:05.991] [bmv2] [D] [thread 20613] [13.0] [cxt 0] Deparser 'deparser': start
[15:58:05.991] [bmv2] [T] [thread 20613] [13.0] [cxt 0] Skipping checksum 'cksum' update because condition not met
[15:58:05.991] [bmv2] [D] [thread 20613] [13.0] [cxt 0] Deparsing header 'ethernet'
[15:58:05.991] [bmv2] [D] [thread 20613] [13.0] [cxt 0] Deparser 'deparser': end
[15:58:05.991] [bmv2] [D] [thread 20617] [13.0] [cxt 0] Transmitting packet of size 70 out of port 0
[15:58:06.277] [bmv2] [D] [thread 20612] [14.0] [cxt 0] Processing packet received on port 1
[15:58:06.278] [bmv2] [D] [thread 20612] [14.0] [cxt 0] Parser 'parser': start
[15:58:06.278] [bmv2] [D] [thread 20612] [14.0] [cxt 0] Parser 'parser' entering state 'start'
[15:58:06.278] [bmv2] [D] [thread 20612] [14.0] [cxt 0] Extracting header 'ethernet'
[15:58:06.278] [bmv2] [D] [thread 20612] [14.0] [cxt 0] Parser state 'start': key is 86dd
[15:58:06.278] [bmv2] [T] [thread 20612] [14.0] [cxt 0] Bytes parsed: 14
[15:58:06.278] [bmv2] [D] [thread 20612] [14.0] [cxt 0] Parser 'parser': end
[15:58:06.279] [bmv2] [D] [thread 20612] [14.0] [cxt 0] Pipeline 'ingress': start
[15:58:06.279] [bmv2] [T] [thread 20612] [14.0] [cxt 0] Applying table 'tbl_act'
[15:58:06.279] [bmv2] [D] [thread 20612] [14.0] [cxt 0] Looking up key:

[15:58:06.279] [bmv2] [D] [thread 20612] [14.0] [cxt 0] Table 'tbl_act': miss
[15:58:06.279] [bmv2] [D] [thread 20612] [14.0] [cxt 0] Action entry is act - 
[15:58:06.279] [bmv2] [T] [thread 20612] [14.0] [cxt 0] Action act
[15:58:06.280] [bmv2] [T] [thread 20612] [14.0] [cxt 0] Primitive (no source info)
[15:58:06.280] [bmv2] [T] [thread 20612] [14.0] [cxt 0] heavy_hitter.p4(227) Condition "hdr.ipv4.isValid()" (node_3) is false
[15:58:06.280] [bmv2] [D] [thread 20612] [14.0] [cxt 0] Pipeline 'ingress': end
[15:58:06.280] [bmv2] [D] [thread 20612] [14.0] [cxt 0] Egress port is 0
[15:58:06.280] [bmv2] [D] [thread 20613] [14.0] [cxt 0] Pipeline 'egress': start
[15:58:06.281] [bmv2] [D] [thread 20613] [14.0] [cxt 0] Pipeline 'egress': end
[15:58:06.281] [bmv2] [D] [thread 20613] [14.0] [cxt 0] Deparser 'deparser': start
[15:58:06.281] [bmv2] [T] [thread 20613] [14.0] [cxt 0] Skipping checksum 'cksum' update because condition not met
[15:58:06.281] [bmv2] [D] [thread 20613] [14.0] [cxt 0] Deparsing header 'ethernet'
[15:58:06.281] [bmv2] [D] [thread 20613] [14.0] [cxt 0] Deparser 'deparser': end
[15:58:06.282] [bmv2] [D] [thread 20617] [14.0] [cxt 0] Transmitting packet of size 90 out of port 0
[15:58:06.281] [bmv2] [D] [thread 20612] [15.0] [cxt 0] Processing packet received on port 1
[15:58:06.282] [bmv2] [D] [thread 20612] [15.0] [cxt 0] Parser 'parser': start
[15:58:06.282] [bmv2] [D] [thread 20612] [15.0] [cxt 0] Parser 'parser' entering state 'start'
[15:58:06.282] [bmv2] [D] [thread 20612] [15.0] [cxt 0] Extracting header 'ethernet'
[15:58:06.282] [bmv2] [D] [thread 20612] [15.0] [cxt 0] Parser state 'start': key is 86dd
[15:58:06.282] [bmv2] [T] [thread 20612] [15.0] [cxt 0] Bytes parsed: 14
[15:58:06.282] [bmv2] [D] [thread 20612] [15.0] [cxt 0] Parser 'parser': end
[15:58:06.282] [bmv2] [D] [thread 20612] [15.0] [cxt 0] Pipeline 'ingress': start
[15:58:06.282] [bmv2] [T] [thread 20612] [15.0] [cxt 0] Applying table 'tbl_act'
[15:58:06.282] [bmv2] [D] [thread 20612] [15.0] [cxt 0] Looking up key:

[15:58:06.283] [bmv2] [D] [thread 20612] [15.0] [cxt 0] Table 'tbl_act': miss
[15:58:06.283] [bmv2] [D] [thread 20612] [15.0] [cxt 0] Action entry is act - 
[15:58:06.283] [bmv2] [T] [thread 20612] [15.0] [cxt 0] Action act
[15:58:06.283] [bmv2] [T] [thread 20612] [15.0] [cxt 0] Primitive (no source info)
[15:58:06.283] [bmv2] [T] [thread 20612] [15.0] [cxt 0] heavy_hitter.p4(227) Condition "hdr.ipv4.isValid()" (node_3) is false
[15:58:06.283] [bmv2] [D] [thread 20612] [15.0] [cxt 0] Pipeline 'ingress': end
[15:58:06.283] [bmv2] [D] [thread 20612] [15.0] [cxt 0] Egress port is 0
[15:58:06.283] [bmv2] [D] [thread 20613] [15.0] [cxt 0] Pipeline 'egress': start
[15:58:06.283] [bmv2] [D] [thread 20613] [15.0] [cxt 0] Pipeline 'egress': end
[15:58:06.283] [bmv2] [D] [thread 20613] [15.0] [cxt 0] Deparser 'deparser': start
[15:58:06.283] [bmv2] [T] [thread 20613] [15.0] [cxt 0] Skipping checksum 'cksum' update because condition not met
[15:58:06.283] [bmv2] [D] [thread 20613] [15.0] [cxt 0] Deparsing header 'ethernet'
[15:58:06.283] [bmv2] [D] [thread 20613] [15.0] [cxt 0] Deparser 'deparser': end
[15:58:06.284] [bmv2] [D] [thread 20617] [15.0] [cxt 0] Transmitting packet of size 70 out of port 0
[15:58:06.493] [bmv2] [D] [thread 20612] [16.0] [cxt 0] Processing packet received on port 3
[15:58:06.493] [bmv2] [D] [thread 20612] [16.0] [cxt 0] Parser 'parser': start
[15:58:06.493] [bmv2] [D] [thread 20612] [16.0] [cxt 0] Parser 'parser' entering state 'start'
[15:58:06.493] [bmv2] [D] [thread 20612] [16.0] [cxt 0] Extracting header 'ethernet'
[15:58:06.493] [bmv2] [D] [thread 20612] [16.0] [cxt 0] Parser state 'start': key is 86dd
[15:58:06.494] [bmv2] [T] [thread 20612] [16.0] [cxt 0] Bytes parsed: 14
[15:58:06.494] [bmv2] [D] [thread 20612] [16.0] [cxt 0] Parser 'parser': end
[15:58:06.494] [bmv2] [D] [thread 20612] [16.0] [cxt 0] Pipeline 'ingress': start
[15:58:06.494] [bmv2] [T] [thread 20612] [16.0] [cxt 0] Applying table 'tbl_act'
[15:58:06.494] [bmv2] [D] [thread 20612] [16.0] [cxt 0] Looking up key:

[15:58:06.495] [bmv2] [D] [thread 20612] [16.0] [cxt 0] Table 'tbl_act': miss
[15:58:06.495] [bmv2] [D] [thread 20612] [16.0] [cxt 0] Action entry is act - 
[15:58:06.495] [bmv2] [T] [thread 20612] [16.0] [cxt 0] Action act
[15:58:06.495] [bmv2] [T] [thread 20612] [16.0] [cxt 0] Primitive (no source info)
[15:58:06.495] [bmv2] [T] [thread 20612] [16.0] [cxt 0] heavy_hitter.p4(227) Condition "hdr.ipv4.isValid()" (node_3) is false
[15:58:06.495] [bmv2] [D] [thread 20612] [16.0] [cxt 0] Pipeline 'ingress': end
[15:58:06.496] [bmv2] [D] [thread 20612] [16.0] [cxt 0] Egress port is 0
[15:58:06.496] [bmv2] [D] [thread 20613] [16.0] [cxt 0] Pipeline 'egress': start
[15:58:06.496] [bmv2] [D] [thread 20613] [16.0] [cxt 0] Pipeline 'egress': end
[15:58:06.496] [bmv2] [D] [thread 20613] [16.0] [cxt 0] Deparser 'deparser': start
[15:58:06.496] [bmv2] [T] [thread 20613] [16.0] [cxt 0] Skipping checksum 'cksum' update because condition not met
[15:58:06.496] [bmv2] [D] [thread 20613] [16.0] [cxt 0] Deparsing header 'ethernet'
[15:58:06.497] [bmv2] [D] [thread 20613] [16.0] [cxt 0] Deparser 'deparser': end
[15:58:06.497] [bmv2] [D] [thread 20617] [16.0] [cxt 0] Transmitting packet of size 90 out of port 0
[15:58:06.496] [bmv2] [D] [thread 20612] [17.0] [cxt 0] Processing packet received on port 3
[15:58:06.497] [bmv2] [D] [thread 20612] [17.0] [cxt 0] Parser 'parser': start
[15:58:06.497] [bmv2] [D] [thread 20612] [17.0] [cxt 0] Parser 'parser' entering state 'start'
[15:58:06.497] [bmv2] [D] [thread 20612] [17.0] [cxt 0] Extracting header 'ethernet'
[15:58:06.497] [bmv2] [D] [thread 20612] [17.0] [cxt 0] Parser state 'start': key is 86dd
[15:58:06.498] [bmv2] [T] [thread 20612] [17.0] [cxt 0] Bytes parsed: 14
[15:58:06.498] [bmv2] [D] [thread 20612] [17.0] [cxt 0] Parser 'parser': end
[15:58:06.498] [bmv2] [D] [thread 20612] [17.0] [cxt 0] Pipeline 'ingress': start
[15:58:06.498] [bmv2] [T] [thread 20612] [17.0] [cxt 0] Applying table 'tbl_act'
[15:58:06.498] [bmv2] [D] [thread 20612] [17.0] [cxt 0] Looking up key:

[15:58:06.498] [bmv2] [D] [thread 20612] [17.0] [cxt 0] Table 'tbl_act': miss
[15:58:06.498] [bmv2] [D] [thread 20612] [17.0] [cxt 0] Action entry is act - 
[15:58:06.498] [bmv2] [T] [thread 20612] [17.0] [cxt 0] Action act
[15:58:06.498] [bmv2] [T] [thread 20612] [17.0] [cxt 0] Primitive (no source info)
[15:58:06.498] [bmv2] [T] [thread 20612] [17.0] [cxt 0] heavy_hitter.p4(227) Condition "hdr.ipv4.isValid()" (node_3) is false
[15:58:06.498] [bmv2] [D] [thread 20612] [17.0] [cxt 0] Pipeline 'ingress': end
[15:58:06.498] [bmv2] [D] [thread 20612] [17.0] [cxt 0] Egress port is 0
[15:58:06.498] [bmv2] [D] [thread 20613] [17.0] [cxt 0] Pipeline 'egress': start
[15:58:06.499] [bmv2] [D] [thread 20613] [17.0] [cxt 0] Pipeline 'egress': end
[15:58:06.499] [bmv2] [D] [thread 20613] [17.0] [cxt 0] Deparser 'deparser': start
[15:58:06.499] [bmv2] [T] [thread 20613] [17.0] [cxt 0] Skipping checksum 'cksum' update because condition not met
[15:58:06.499] [bmv2] [D] [thread 20613] [17.0] [cxt 0] Deparsing header 'ethernet'
[15:58:06.499] [bmv2] [D] [thread 20613] [17.0] [cxt 0] Deparser 'deparser': end
[15:58:06.499] [bmv2] [D] [thread 20617] [17.0] [cxt 0] Transmitting packet of size 70 out of port 0
[15:58:06.518] [bmv2] [D] [thread 20612] [18.0] [cxt 0] Processing packet received on port 2
[15:58:06.518] [bmv2] [D] [thread 20612] [18.0] [cxt 0] Parser 'parser': start
[15:58:06.518] [bmv2] [D] [thread 20612] [18.0] [cxt 0] Parser 'parser' entering state 'start'
[15:58:06.518] [bmv2] [D] [thread 20612] [18.0] [cxt 0] Extracting header 'ethernet'
[15:58:06.518] [bmv2] [D] [thread 20612] [18.0] [cxt 0] Parser state 'start': key is 86dd
[15:58:06.518] [bmv2] [T] [thread 20612] [18.0] [cxt 0] Bytes parsed: 14
[15:58:06.519] [bmv2] [D] [thread 20612] [18.0] [cxt 0] Parser 'parser': end
[15:58:06.519] [bmv2] [D] [thread 20612] [18.0] [cxt 0] Pipeline 'ingress': start
[15:58:06.519] [bmv2] [T] [thread 20612] [18.0] [cxt 0] Applying table 'tbl_act'
[15:58:06.520] [bmv2] [D] [thread 20612] [18.0] [cxt 0] Looking up key:

[15:58:06.520] [bmv2] [D] [thread 20612] [18.0] [cxt 0] Table 'tbl_act': miss
[15:58:06.520] [bmv2] [D] [thread 20612] [18.0] [cxt 0] Action entry is act - 
[15:58:06.520] [bmv2] [T] [thread 20612] [18.0] [cxt 0] Action act
[15:58:06.520] [bmv2] [T] [thread 20612] [18.0] [cxt 0] Primitive (no source info)
[15:58:06.520] [bmv2] [T] [thread 20612] [18.0] [cxt 0] heavy_hitter.p4(227) Condition "hdr.ipv4.isValid()" (node_3) is false
[15:58:06.521] [bmv2] [D] [thread 20612] [18.0] [cxt 0] Pipeline 'ingress': end
[15:58:06.521] [bmv2] [D] [thread 20612] [18.0] [cxt 0] Egress port is 0
[15:58:06.521] [bmv2] [D] [thread 20613] [18.0] [cxt 0] Pipeline 'egress': start
[15:58:06.521] [bmv2] [D] [thread 20613] [18.0] [cxt 0] Pipeline 'egress': end
[15:58:06.521] [bmv2] [D] [thread 20613] [18.0] [cxt 0] Deparser 'deparser': start
[15:58:06.521] [bmv2] [T] [thread 20613] [18.0] [cxt 0] Skipping checksum 'cksum' update because condition not met
[15:58:06.521] [bmv2] [D] [thread 20613] [18.0] [cxt 0] Deparsing header 'ethernet'
[15:58:06.522] [bmv2] [D] [thread 20613] [18.0] [cxt 0] Deparser 'deparser': end
[15:58:06.522] [bmv2] [D] [thread 20617] [18.0] [cxt 0] Transmitting packet of size 90 out of port 0
[15:58:06.521] [bmv2] [D] [thread 20612] [19.0] [cxt 0] Processing packet received on port 2
[15:58:06.522] [bmv2] [D] [thread 20612] [19.0] [cxt 0] Parser 'parser': start
[15:58:06.522] [bmv2] [D] [thread 20612] [19.0] [cxt 0] Parser 'parser' entering state 'start'
[15:58:06.522] [bmv2] [D] [thread 20612] [19.0] [cxt 0] Extracting header 'ethernet'
[15:58:06.522] [bmv2] [D] [thread 20612] [19.0] [cxt 0] Parser state 'start': key is 86dd
[15:58:06.522] [bmv2] [T] [thread 20612] [19.0] [cxt 0] Bytes parsed: 14
[15:58:06.522] [bmv2] [D] [thread 20612] [19.0] [cxt 0] Parser 'parser': end
[15:58:06.522] [bmv2] [D] [thread 20612] [19.0] [cxt 0] Pipeline 'ingress': start
[15:58:06.523] [bmv2] [T] [thread 20612] [19.0] [cxt 0] Applying table 'tbl_act'
[15:58:06.523] [bmv2] [D] [thread 20612] [19.0] [cxt 0] Looking up key:

[15:58:06.523] [bmv2] [D] [thread 20612] [19.0] [cxt 0] Table 'tbl_act': miss
[15:58:06.523] [bmv2] [D] [thread 20612] [19.0] [cxt 0] Action entry is act - 
[15:58:06.523] [bmv2] [T] [thread 20612] [19.0] [cxt 0] Action act
[15:58:06.523] [bmv2] [T] [thread 20612] [19.0] [cxt 0] Primitive (no source info)
[15:58:06.523] [bmv2] [T] [thread 20612] [19.0] [cxt 0] heavy_hitter.p4(227) Condition "hdr.ipv4.isValid()" (node_3) is false
[15:58:06.523] [bmv2] [D] [thread 20612] [19.0] [cxt 0] Pipeline 'ingress': end
[15:58:06.523] [bmv2] [D] [thread 20612] [19.0] [cxt 0] Egress port is 0
[15:58:06.523] [bmv2] [D] [thread 20613] [19.0] [cxt 0] Pipeline 'egress': start
[15:58:06.523] [bmv2] [D] [thread 20613] [19.0] [cxt 0] Pipeline 'egress': end
[15:58:06.523] [bmv2] [D] [thread 20613] [19.0] [cxt 0] Deparser 'deparser': start
[15:58:06.524] [bmv2] [T] [thread 20613] [19.0] [cxt 0] Skipping checksum 'cksum' update because condition not met
[15:58:06.524] [bmv2] [D] [thread 20613] [19.0] [cxt 0] Deparsing header 'ethernet'
[15:58:06.524] [bmv2] [D] [thread 20613] [19.0] [cxt 0] Deparser 'deparser': end
[15:58:06.524] [bmv2] [D] [thread 20617] [19.0] [cxt 0] Transmitting packet of size 70 out of port 0
[15:58:06.570] [bmv2] [D] [thread 20612] [20.0] [cxt 0] Processing packet received on port 1
[15:58:06.570] [bmv2] [D] [thread 20612] [20.0] [cxt 0] Parser 'parser': start
[15:58:06.570] [bmv2] [D] [thread 20612] [20.0] [cxt 0] Parser 'parser' entering state 'start'
[15:58:06.570] [bmv2] [D] [thread 20612] [20.0] [cxt 0] Extracting header 'ethernet'
[15:58:06.571] [bmv2] [D] [thread 20612] [20.0] [cxt 0] Parser state 'start': key is 86dd
[15:58:06.571] [bmv2] [T] [thread 20612] [20.0] [cxt 0] Bytes parsed: 14
[15:58:06.571] [bmv2] [D] [thread 20612] [20.0] [cxt 0] Parser 'parser': end
[15:58:06.571] [bmv2] [D] [thread 20612] [20.0] [cxt 0] Pipeline 'ingress': start
[15:58:06.571] [bmv2] [T] [thread 20612] [20.0] [cxt 0] Applying table 'tbl_act'
[15:58:06.571] [bmv2] [D] [thread 20612] [20.0] [cxt 0] Looking up key:

[15:58:06.571] [bmv2] [D] [thread 20612] [20.0] [cxt 0] Table 'tbl_act': miss
[15:58:06.572] [bmv2] [D] [thread 20612] [20.0] [cxt 0] Action entry is act - 
[15:58:06.572] [bmv2] [T] [thread 20612] [20.0] [cxt 0] Action act
[15:58:06.572] [bmv2] [T] [thread 20612] [20.0] [cxt 0] Primitive (no source info)
[15:58:06.572] [bmv2] [T] [thread 20612] [20.0] [cxt 0] heavy_hitter.p4(227) Condition "hdr.ipv4.isValid()" (node_3) is false
[15:58:06.572] [bmv2] [D] [thread 20612] [20.0] [cxt 0] Pipeline 'ingress': end
[15:58:06.572] [bmv2] [D] [thread 20612] [20.0] [cxt 0] Egress port is 0
[15:58:06.572] [bmv2] [D] [thread 20613] [20.0] [cxt 0] Pipeline 'egress': start
[15:58:06.572] [bmv2] [D] [thread 20613] [20.0] [cxt 0] Pipeline 'egress': end
[15:58:06.573] [bmv2] [D] [thread 20613] [20.0] [cxt 0] Deparser 'deparser': start
[15:58:06.573] [bmv2] [T] [thread 20613] [20.0] [cxt 0] Skipping checksum 'cksum' update because condition not met
[15:58:06.573] [bmv2] [D] [thread 20613] [20.0] [cxt 0] Deparsing header 'ethernet'
[15:58:06.573] [bmv2] [D] [thread 20613] [20.0] [cxt 0] Deparser 'deparser': end
[15:58:06.573] [bmv2] [D] [thread 20617] [20.0] [cxt 0] Transmitting packet of size 90 out of port 0
[15:58:06.637] [bmv2] [D] [thread 20612] [21.0] [cxt 0] Processing packet received on port 3
[15:58:06.638] [bmv2] [D] [thread 20612] [21.0] [cxt 0] Parser 'parser': start
[15:58:06.638] [bmv2] [D] [thread 20612] [21.0] [cxt 0] Parser 'parser' entering state 'start'
[15:58:06.638] [bmv2] [D] [thread 20612] [21.0] [cxt 0] Extracting header 'ethernet'
[15:58:06.638] [bmv2] [D] [thread 20612] [21.0] [cxt 0] Parser state 'start': key is 86dd
[15:58:06.638] [bmv2] [T] [thread 20612] [21.0] [cxt 0] Bytes parsed: 14
[15:58:06.638] [bmv2] [D] [thread 20612] [21.0] [cxt 0] Parser 'parser': end
[15:58:06.639] [bmv2] [D] [thread 20612] [21.0] [cxt 0] Pipeline 'ingress': start
[15:58:06.639] [bmv2] [T] [thread 20612] [21.0] [cxt 0] Applying table 'tbl_act'
[15:58:06.639] [bmv2] [D] [thread 20612] [21.0] [cxt 0] Looking up key:

[15:58:06.639] [bmv2] [D] [thread 20612] [21.0] [cxt 0] Table 'tbl_act': miss
[15:58:06.639] [bmv2] [D] [thread 20612] [21.0] [cxt 0] Action entry is act - 
[15:58:06.639] [bmv2] [T] [thread 20612] [21.0] [cxt 0] Action act
[15:58:06.639] [bmv2] [T] [thread 20612] [21.0] [cxt 0] Primitive (no source info)
[15:58:06.640] [bmv2] [T] [thread 20612] [21.0] [cxt 0] heavy_hitter.p4(227) Condition "hdr.ipv4.isValid()" (node_3) is false
[15:58:06.640] [bmv2] [D] [thread 20612] [21.0] [cxt 0] Pipeline 'ingress': end
[15:58:06.640] [bmv2] [D] [thread 20612] [21.0] [cxt 0] Egress port is 0
[15:58:06.640] [bmv2] [D] [thread 20613] [21.0] [cxt 0] Pipeline 'egress': start
[15:58:06.640] [bmv2] [D] [thread 20613] [21.0] [cxt 0] Pipeline 'egress': end
[15:58:06.640] [bmv2] [D] [thread 20613] [21.0] [cxt 0] Deparser 'deparser': start
[15:58:06.640] [bmv2] [T] [thread 20613] [21.0] [cxt 0] Skipping checksum 'cksum' update because condition not met
[15:58:06.641] [bmv2] [D] [thread 20613] [21.0] [cxt 0] Deparsing header 'ethernet'
[15:58:06.641] [bmv2] [D] [thread 20613] [21.0] [cxt 0] Deparser 'deparser': end
[15:58:06.641] [bmv2] [D] [thread 20617] [21.0] [cxt 0] Transmitting packet of size 90 out of port 0
[15:58:06.866] [bmv2] [D] [thread 20612] [22.0] [cxt 0] Processing packet received on port 3
[15:58:06.866] [bmv2] [D] [thread 20612] [22.0] [cxt 0] Parser 'parser': start
[15:58:06.867] [bmv2] [D] [thread 20612] [22.0] [cxt 0] Parser 'parser' entering state 'start'
[15:58:06.867] [bmv2] [D] [thread 20612] [22.0] [cxt 0] Extracting header 'ethernet'
[15:58:06.867] [bmv2] [D] [thread 20612] [22.0] [cxt 0] Parser state 'start': key is 86dd
[15:58:06.867] [bmv2] [T] [thread 20612] [22.0] [cxt 0] Bytes parsed: 14
[15:58:06.867] [bmv2] [D] [thread 20612] [22.0] [cxt 0] Parser 'parser': end
[15:58:06.867] [bmv2] [D] [thread 20612] [22.0] [cxt 0] Pipeline 'ingress': start
[15:58:06.867] [bmv2] [T] [thread 20612] [22.0] [cxt 0] Applying table 'tbl_act'
[15:58:06.867] [bmv2] [D] [thread 20612] [22.0] [cxt 0] Looking up key:

[15:58:06.867] [bmv2] [D] [thread 20612] [22.0] [cxt 0] Table 'tbl_act': miss
[15:58:06.867] [bmv2] [D] [thread 20612] [22.0] [cxt 0] Action entry is act - 
[15:58:06.867] [bmv2] [T] [thread 20612] [22.0] [cxt 0] Action act
[15:58:06.867] [bmv2] [T] [thread 20612] [22.0] [cxt 0] Primitive (no source info)
[15:58:06.867] [bmv2] [T] [thread 20612] [22.0] [cxt 0] heavy_hitter.p4(227) Condition "hdr.ipv4.isValid()" (node_3) is false
[15:58:06.867] [bmv2] [D] [thread 20612] [22.0] [cxt 0] Pipeline 'ingress': end
[15:58:06.867] [bmv2] [D] [thread 20612] [22.0] [cxt 0] Egress port is 0
[15:58:06.868] [bmv2] [D] [thread 20613] [22.0] [cxt 0] Pipeline 'egress': start
[15:58:06.868] [bmv2] [D] [thread 20613] [22.0] [cxt 0] Pipeline 'egress': end
[15:58:06.868] [bmv2] [D] [thread 20613] [22.0] [cxt 0] Deparser 'deparser': start
[15:58:06.868] [bmv2] [T] [thread 20613] [22.0] [cxt 0] Skipping checksum 'cksum' update because condition not met
[15:58:06.868] [bmv2] [D] [thread 20613] [22.0] [cxt 0] Deparsing header 'ethernet'
[15:58:06.868] [bmv2] [D] [thread 20613] [22.0] [cxt 0] Deparser 'deparser': end
[15:58:06.868] [bmv2] [D] [thread 20617] [22.0] [cxt 0] Transmitting packet of size 90 out of port 0
[15:58:07.022] [bmv2] [D] [thread 20612] [23.0] [cxt 0] Processing packet received on port 2
[15:58:07.022] [bmv2] [D] [thread 20612] [23.0] [cxt 0] Parser 'parser': start
[15:58:07.022] [bmv2] [D] [thread 20612] [23.0] [cxt 0] Parser 'parser' entering state 'start'
[15:58:07.022] [bmv2] [D] [thread 20612] [23.0] [cxt 0] Extracting header 'ethernet'
[15:58:07.022] [bmv2] [D] [thread 20612] [23.0] [cxt 0] Parser state 'start': key is 86dd
[15:58:07.022] [bmv2] [T] [thread 20612] [23.0] [cxt 0] Bytes parsed: 14
[15:58:07.022] [bmv2] [D] [thread 20612] [23.0] [cxt 0] Parser 'parser': end
[15:58:07.023] [bmv2] [D] [thread 20612] [23.0] [cxt 0] Pipeline 'ingress': start
[15:58:07.023] [bmv2] [T] [thread 20612] [23.0] [cxt 0] Applying table 'tbl_act'
[15:58:07.023] [bmv2] [D] [thread 20612] [23.0] [cxt 0] Looking up key:

[15:58:07.023] [bmv2] [D] [thread 20612] [23.0] [cxt 0] Table 'tbl_act': miss
[15:58:07.023] [bmv2] [D] [thread 20612] [23.0] [cxt 0] Action entry is act - 
[15:58:07.023] [bmv2] [T] [thread 20612] [23.0] [cxt 0] Action act
[15:58:07.023] [bmv2] [T] [thread 20612] [23.0] [cxt 0] Primitive (no source info)
[15:58:07.023] [bmv2] [T] [thread 20612] [23.0] [cxt 0] heavy_hitter.p4(227) Condition "hdr.ipv4.isValid()" (node_3) is false
[15:58:07.023] [bmv2] [D] [thread 20612] [23.0] [cxt 0] Pipeline 'ingress': end
[15:58:07.023] [bmv2] [D] [thread 20612] [23.0] [cxt 0] Egress port is 0
[15:58:07.023] [bmv2] [D] [thread 20613] [23.0] [cxt 0] Pipeline 'egress': start
[15:58:07.023] [bmv2] [D] [thread 20613] [23.0] [cxt 0] Pipeline 'egress': end
[15:58:07.024] [bmv2] [D] [thread 20613] [23.0] [cxt 0] Deparser 'deparser': start
[15:58:07.024] [bmv2] [T] [thread 20613] [23.0] [cxt 0] Skipping checksum 'cksum' update because condition not met
[15:58:07.024] [bmv2] [D] [thread 20613] [23.0] [cxt 0] Deparsing header 'ethernet'
[15:58:07.024] [bmv2] [D] [thread 20613] [23.0] [cxt 0] Deparser 'deparser': end
[15:58:07.024] [bmv2] [D] [thread 20617] [23.0] [cxt 0] Transmitting packet of size 90 out of port 0
[15:58:09.145] [bmv2] [T] [thread 20701] bm_get_config
[15:58:09.146] [bmv2] [T] [thread 20701] bm_set_default_action
[15:58:09.146] [bmv2] [D] [thread 20701] Set default entry for table 'MyIngress.ipv4_lpm': MyIngress.drop - 
[15:58:09.147] [bmv2] [T] [thread 20701] bm_table_add_entry
[15:58:09.147] [bmv2] [D] [thread 20701] Entry 0 added to table 'MyIngress.ipv4_lpm'
[15:58:09.147] [bmv2] [D] [thread 20701] Dumping entry 0
Match key:
* hdr.ipv4.dstAddr    : LPM       0a000101/32
Action entry: MyIngress.ipv4_forward - a000101,1,

[15:58:09.148] [bmv2] [T] [thread 20701] bm_table_add_entry
[15:58:09.148] [bmv2] [D] [thread 20701] Entry 1 added to table 'MyIngress.ipv4_lpm'
[15:58:09.148] [bmv2] [D] [thread 20701] Dumping entry 1
Match key:
* hdr.ipv4.dstAddr    : LPM       0a000202/32
Action entry: MyIngress.ipv4_forward - 10a000202,2,

[15:58:09.148] [bmv2] [T] [thread 20701] bm_table_add_entry
[15:58:09.149] [bmv2] [D] [thread 20701] Entry 2 added to table 'MyIngress.ipv4_lpm'
[15:58:09.149] [bmv2] [D] [thread 20701] Dumping entry 2
Match key:
* hdr.ipv4.dstAddr    : LPM       0a000300/24
Action entry: MyIngress.ipv4_forward - 30100,3,

