Warning: you requested the nanomsg event logger, but bmv2 was compiled without -DBMELOG, and the event logger cannot be activated
Calling target program-options parser
[15:58:53.814] [bmv2] [D] [thread 21204] Set default default entry for table 'MyIngress.ipv4_lpm': NoAction - 
Adding interface s2-eth1 as port 1
[15:58:53.816] [bmv2] [D] [thread 21204] Adding interface s2-eth1 as port 1
Adding interface s2-eth2 as port 2
[15:58:53.849] [bmv2] [D] [thread 21204] Adding interface s2-eth2 as port 2
[15:58:53.879] [bmv2] [I] [thread 21204] Starting Thrift server on port 9091
[15:58:53.879] [bmv2] [I] [thread 21204] Thrift server was started
[15:58:54.282] [bmv2] [D] [thread 21210] [0.0] [cxt 0] Processing packet received on port 1
[15:58:54.283] [bmv2] [D] [thread 21210] [0.0] [cxt 0] Parser 'parser': start
[15:58:54.283] [bmv2] [D] [thread 21210] [0.0] [cxt 0] Parser 'parser' entering state 'start'
[15:58:54.283] [bmv2] [D] [thread 21210] [0.0] [cxt 0] Extracting header 'ethernet'
[15:58:54.283] [bmv2] [D] [thread 21210] [0.0] [cxt 0] Parser state 'start': key is 86dd
[15:58:54.283] [bmv2] [T] [thread 21210] [0.0] [cxt 0] Bytes parsed: 14
[15:58:54.284] [bmv2] [D] [thread 21210] [0.0] [cxt 0] Parser 'parser': end
[15:58:54.284] [bmv2] [D] [thread 21210] [0.0] [cxt 0] Pipeline 'ingress': start
[15:58:54.284] [bmv2] [T] [thread 21210] [0.0] [cxt 0] forwarding.p4(128) Condition "hdr.ipv4.isValid()" (node_2) is false
[15:58:54.284] [bmv2] [D] [thread 21210] [0.0] [cxt 0] Pipeline 'ingress': end
[15:58:54.285] [bmv2] [D] [thread 21210] [0.0] [cxt 0] Egress port is 0
[15:58:54.285] [bmv2] [D] [thread 21210] [1.0] [cxt 0] Processing packet received on port 1
[15:58:54.285] [bmv2] [D] [thread 21210] [1.0] [cxt 0] Parser 'parser': start
[15:58:54.285] [bmv2] [D] [thread 21210] [1.0] [cxt 0] Parser 'parser' entering state 'start'
[15:58:54.285] [bmv2] [D] [thread 21210] [1.0] [cxt 0] Extracting header 'ethernet'
[15:58:54.286] [bmv2] [D] [thread 21210] [1.0] [cxt 0] Parser state 'start': key is 86dd
[15:58:54.286] [bmv2] [T] [thread 21210] [1.0] [cxt 0] Bytes parsed: 14
[15:58:54.286] [bmv2] [D] [thread 21210] [1.0] [cxt 0] Parser 'parser': end
[15:58:54.286] [bmv2] [D] [thread 21210] [1.0] [cxt 0] Pipeline 'ingress': start
[15:58:54.287] [bmv2] [T] [thread 21210] [1.0] [cxt 0] forwarding.p4(128) Condition "hdr.ipv4.isValid()" (node_2) is false
[15:58:54.287] [bmv2] [D] [thread 21210] [1.0] [cxt 0] Pipeline 'ingress': end
[15:58:54.285] [bmv2] [D] [thread 21211] [0.0] [cxt 0] Pipeline 'egress': start
[15:58:54.287] [bmv2] [D] [thread 21211] [0.0] [cxt 0] Pipeline 'egress': end
[15:58:54.287] [bmv2] [D] [thread 21211] [0.0] [cxt 0] Deparser 'deparser': start
[15:58:54.287] [bmv2] [T] [thread 21211] [0.0] [cxt 0] Skipping checksum 'cksum' update because condition not met
[15:58:54.287] [bmv2] [D] [thread 21211] [0.0] [cxt 0] Deparsing header 'ethernet'
[15:58:54.288] [bmv2] [D] [thread 21211] [0.0] [cxt 0] Deparser 'deparser': end
[15:58:54.287] [bmv2] [D] [thread 21210] [1.0] [cxt 0] Egress port is 0
[15:58:54.288] [bmv2] [D] [thread 21215] [0.0] [cxt 0] Transmitting packet of size 90 out of port 0
[15:58:54.288] [bmv2] [D] [thread 21211] [1.0] [cxt 0] Pipeline 'egress': start
[15:58:54.288] [bmv2] [D] [thread 21211] [1.0] [cxt 0] Pipeline 'egress': end
[15:58:54.288] [bmv2] [D] [thread 21211] [1.0] [cxt 0] Deparser 'deparser': start
[15:58:54.288] [bmv2] [T] [thread 21211] [1.0] [cxt 0] Skipping checksum 'cksum' update because condition not met
[15:58:54.288] [bmv2] [D] [thread 21211] [1.0] [cxt 0] Deparsing header 'ethernet'
[15:58:54.288] [bmv2] [D] [thread 21211] [1.0] [cxt 0] Deparser 'deparser': end
[15:58:54.288] [bmv2] [D] [thread 21215] [1.0] [cxt 0] Transmitting packet of size 70 out of port 0
[15:58:54.374] [bmv2] [D] [thread 21210] [2.0] [cxt 0] Processing packet received on port 2
[15:58:54.374] [bmv2] [D] [thread 21210] [2.0] [cxt 0] Parser 'parser': start
[15:58:54.374] [bmv2] [D] [thread 21210] [2.0] [cxt 0] Parser 'parser' entering state 'start'
[15:58:54.375] [bmv2] [D] [thread 21210] [2.0] [cxt 0] Extracting header 'ethernet'
[15:58:54.375] [bmv2] [D] [thread 21210] [2.0] [cxt 0] Parser state 'start': key is 86dd
[15:58:54.375] [bmv2] [T] [thread 21210] [2.0] [cxt 0] Bytes parsed: 14
[15:58:54.375] [bmv2] [D] [thread 21210] [2.0] [cxt 0] Parser 'parser': end
[15:58:54.376] [bmv2] [D] [thread 21210] [2.0] [cxt 0] Pipeline 'ingress': start
[15:58:54.376] [bmv2] [T] [thread 21210] [2.0] [cxt 0] forwarding.p4(128) Condition "hdr.ipv4.isValid()" (node_2) is false
[15:58:54.376] [bmv2] [D] [thread 21210] [2.0] [cxt 0] Pipeline 'ingress': end
[15:58:54.376] [bmv2] [D] [thread 21210] [2.0] [cxt 0] Egress port is 0
[15:58:54.376] [bmv2] [D] [thread 21211] [2.0] [cxt 0] Pipeline 'egress': start
[15:58:54.376] [bmv2] [D] [thread 21211] [2.0] [cxt 0] Pipeline 'egress': end
[15:58:54.377] [bmv2] [D] [thread 21211] [2.0] [cxt 0] Deparser 'deparser': start
[15:58:54.377] [bmv2] [T] [thread 21211] [2.0] [cxt 0] Skipping checksum 'cksum' update because condition not met
[15:58:54.377] [bmv2] [D] [thread 21211] [2.0] [cxt 0] Deparsing header 'ethernet'
[15:58:54.376] [bmv2] [D] [thread 21210] [3.0] [cxt 0] Processing packet received on port 2
[15:58:54.377] [bmv2] [D] [thread 21210] [3.0] [cxt 0] Parser 'parser': start
[15:58:54.377] [bmv2] [D] [thread 21210] [3.0] [cxt 0] Parser 'parser' entering state 'start'
[15:58:54.378] [bmv2] [D] [thread 21210] [3.0] [cxt 0] Extracting header 'ethernet'
[15:58:54.378] [bmv2] [D] [thread 21210] [3.0] [cxt 0] Parser state 'start': key is 86dd
[15:58:54.378] [bmv2] [T] [thread 21210] [3.0] [cxt 0] Bytes parsed: 14
[15:58:54.378] [bmv2] [D] [thread 21210] [3.0] [cxt 0] Parser 'parser': end
[15:58:54.378] [bmv2] [D] [thread 21210] [3.0] [cxt 0] Pipeline 'ingress': start
[15:58:54.377] [bmv2] [D] [thread 21211] [2.0] [cxt 0] Deparser 'deparser': end
[15:58:54.378] [bmv2] [D] [thread 21215] [2.0] [cxt 0] Transmitting packet of size 90 out of port 0
[15:58:54.378] [bmv2] [T] [thread 21210] [3.0] [cxt 0] forwarding.p4(128) Condition "hdr.ipv4.isValid()" (node_2) is false
[15:58:54.379] [bmv2] [D] [thread 21210] [3.0] [cxt 0] Pipeline 'ingress': end
[15:58:54.379] [bmv2] [D] [thread 21210] [3.0] [cxt 0] Egress port is 0
[15:58:54.379] [bmv2] [D] [thread 21211] [3.0] [cxt 0] Pipeline 'egress': start
[15:58:54.379] [bmv2] [D] [thread 21211] [3.0] [cxt 0] Pipeline 'egress': end
[15:58:54.379] [bmv2] [D] [thread 21211] [3.0] [cxt 0] Deparser 'deparser': start
[15:58:54.379] [bmv2] [T] [thread 21211] [3.0] [cxt 0] Skipping checksum 'cksum' update because condition not met
[15:58:54.379] [bmv2] [D] [thread 21211] [3.0] [cxt 0] Deparsing header 'ethernet'
[15:58:54.379] [bmv2] [D] [thread 21211] [3.0] [cxt 0] Deparser 'deparser': end
[15:58:54.379] [bmv2] [D] [thread 21215] [3.0] [cxt 0] Transmitting packet of size 70 out of port 0
[15:58:54.542] [bmv2] [D] [thread 21210] [4.0] [cxt 0] Processing packet received on port 2
[15:58:54.542] [bmv2] [D] [thread 21210] [4.0] [cxt 0] Parser 'parser': start
[15:58:54.542] [bmv2] [D] [thread 21210] [4.0] [cxt 0] Parser 'parser' entering state 'start'
[15:58:54.543] [bmv2] [D] [thread 21210] [4.0] [cxt 0] Extracting header 'ethernet'
[15:58:54.543] [bmv2] [D] [thread 21210] [4.0] [cxt 0] Parser state 'start': key is 86dd
[15:58:54.543] [bmv2] [T] [thread 21210] [4.0] [cxt 0] Bytes parsed: 14
[15:58:54.543] [bmv2] [D] [thread 21210] [4.0] [cxt 0] Parser 'parser': end
[15:58:54.544] [bmv2] [D] [thread 21210] [4.0] [cxt 0] Pipeline 'ingress': start
[15:58:54.544] [bmv2] [T] [thread 21210] [4.0] [cxt 0] forwarding.p4(128) Condition "hdr.ipv4.isValid()" (node_2) is false
[15:58:54.545] [bmv2] [D] [thread 21210] [4.0] [cxt 0] Pipeline 'ingress': end
[15:58:54.545] [bmv2] [D] [thread 21210] [4.0] [cxt 0] Egress port is 0
[15:58:54.545] [bmv2] [D] [thread 21210] [5.0] [cxt 0] Processing packet received on port 2
[15:58:54.546] [bmv2] [D] [thread 21210] [5.0] [cxt 0] Parser 'parser': start
[15:58:54.546] [bmv2] [D] [thread 21210] [5.0] [cxt 0] Parser 'parser' entering state 'start'
[15:58:54.546] [bmv2] [D] [thread 21210] [5.0] [cxt 0] Extracting header 'ethernet'
[15:58:54.546] [bmv2] [D] [thread 21210] [5.0] [cxt 0] Parser state 'start': key is 86dd
[15:58:54.546] [bmv2] [T] [thread 21210] [5.0] [cxt 0] Bytes parsed: 14
[15:58:54.546] [bmv2] [D] [thread 21210] [5.0] [cxt 0] Parser 'parser': end
[15:58:54.546] [bmv2] [D] [thread 21210] [5.0] [cxt 0] Pipeline 'ingress': start
[15:58:54.547] [bmv2] [T] [thread 21210] [5.0] [cxt 0] forwarding.p4(128) Condition "hdr.ipv4.isValid()" (node_2) is false
[15:58:54.547] [bmv2] [D] [thread 21210] [5.0] [cxt 0] Pipeline 'ingress': end
[15:58:54.547] [bmv2] [D] [thread 21210] [5.0] [cxt 0] Egress port is 0
[15:58:54.545] [bmv2] [D] [thread 21211] [4.0] [cxt 0] Pipeline 'egress': start
[15:58:54.547] [bmv2] [D] [thread 21211] [4.0] [cxt 0] Pipeline 'egress': end
[15:58:54.547] [bmv2] [D] [thread 21211] [4.0] [cxt 0] Deparser 'deparser': start
[15:58:54.547] [bmv2] [T] [thread 21211] [4.0] [cxt 0] Skipping checksum 'cksum' update because condition not met
[15:58:54.547] [bmv2] [D] [thread 21211] [4.0] [cxt 0] Deparsing header 'ethernet'
[15:58:54.547] [bmv2] [D] [thread 21211] [4.0] [cxt 0] Deparser 'deparser': end
[15:58:54.547] [bmv2] [D] [thread 21211] [5.0] [cxt 0] Pipeline 'egress': start
[15:58:54.547] [bmv2] [D] [thread 21211] [5.0] [cxt 0] Pipeline 'egress': end
[15:58:54.547] [bmv2] [D] [thread 21211] [5.0] [cxt 0] Deparser 'deparser': start
[15:58:54.548] [bmv2] [T] [thread 21211] [5.0] [cxt 0] Skipping checksum 'cksum' update because condition not met
[15:58:54.548] [bmv2] [D] [thread 21211] [5.0] [cxt 0] Deparsing header 'ethernet'
[15:58:54.548] [bmv2] [D] [thread 21211] [5.0] [cxt 0] Deparser 'deparser': end
[15:58:54.547] [bmv2] [D] [thread 21215] [4.0] [cxt 0] Transmitting packet of size 90 out of port 0
[15:58:54.548] [bmv2] [D] [thread 21215] [5.0] [cxt 0] Transmitting packet of size 70 out of port 0
[15:58:54.674] [bmv2] [D] [thread 21210] [6.0] [cxt 0] Processing packet received on port 2
[15:58:54.674] [bmv2] [D] [thread 21210] [6.0] [cxt 0] Parser 'parser': start
[15:58:54.675] [bmv2] [D] [thread 21210] [6.0] [cxt 0] Parser 'parser' entering state 'start'
[15:58:54.675] [bmv2] [D] [thread 21210] [6.0] [cxt 0] Extracting header 'ethernet'
[15:58:54.675] [bmv2] [D] [thread 21210] [6.0] [cxt 0] Parser state 'start': key is 86dd
[15:58:54.675] [bmv2] [T] [thread 21210] [6.0] [cxt 0] Bytes parsed: 14
[15:58:54.676] [bmv2] [D] [thread 21210] [6.0] [cxt 0] Parser 'parser': end
[15:58:54.676] [bmv2] [D] [thread 21210] [6.0] [cxt 0] Pipeline 'ingress': start
[15:58:54.676] [bmv2] [T] [thread 21210] [6.0] [cxt 0] forwarding.p4(128) Condition "hdr.ipv4.isValid()" (node_2) is false
[15:58:54.676] [bmv2] [D] [thread 21210] [6.0] [cxt 0] Pipeline 'ingress': end
[15:58:54.676] [bmv2] [D] [thread 21210] [6.0] [cxt 0] Egress port is 0
[15:58:54.677] [bmv2] [D] [thread 21211] [6.0] [cxt 0] Pipeline 'egress': start
[15:58:54.677] [bmv2] [D] [thread 21211] [6.0] [cxt 0] Pipeline 'egress': end
[15:58:54.677] [bmv2] [D] [thread 21211] [6.0] [cxt 0] Deparser 'deparser': start
[15:58:54.677] [bmv2] [T] [thread 21211] [6.0] [cxt 0] Skipping checksum 'cksum' update because condition not met
[15:58:54.678] [bmv2] [D] [thread 21211] [6.0] [cxt 0] Deparsing header 'ethernet'
[15:58:54.678] [bmv2] [D] [thread 21211] [6.0] [cxt 0] Deparser 'deparser': end
[15:58:54.678] [bmv2] [D] [thread 21215] [6.0] [cxt 0] Transmitting packet of size 90 out of port 0
[15:58:55.082] [bmv2] [D] [thread 21210] [7.0] [cxt 0] Processing packet received on port 1
[15:58:55.082] [bmv2] [D] [thread 21210] [7.0] [cxt 0] Parser 'parser': start
[15:58:55.083] [bmv2] [D] [thread 21210] [7.0] [cxt 0] Parser 'parser' entering state 'start'
[15:58:55.083] [bmv2] [D] [thread 21210] [7.0] [cxt 0] Extracting header 'ethernet'
[15:58:55.083] [bmv2] [D] [thread 21210] [7.0] [cxt 0] Parser state 'start': key is 86dd
[15:58:55.083] [bmv2] [T] [thread 21210] [7.0] [cxt 0] Bytes parsed: 14
[15:58:55.084] [bmv2] [D] [thread 21210] [7.0] [cxt 0] Parser 'parser': end
[15:58:55.084] [bmv2] [D] [thread 21210] [7.0] [cxt 0] Pipeline 'ingress': start
[15:58:55.084] [bmv2] [T] [thread 21210] [7.0] [cxt 0] forwarding.p4(128) Condition "hdr.ipv4.isValid()" (node_2) is false
[15:58:55.084] [bmv2] [D] [thread 21210] [7.0] [cxt 0] Pipeline 'ingress': end
[15:58:55.084] [bmv2] [D] [thread 21210] [7.0] [cxt 0] Egress port is 0
[15:58:55.085] [bmv2] [D] [thread 21211] [7.0] [cxt 0] Pipeline 'egress': start
[15:58:55.085] [bmv2] [D] [thread 21211] [7.0] [cxt 0] Pipeline 'egress': end
[15:58:55.085] [bmv2] [D] [thread 21211] [7.0] [cxt 0] Deparser 'deparser': start
[15:58:55.085] [bmv2] [T] [thread 21211] [7.0] [cxt 0] Skipping checksum 'cksum' update because condition not met
[15:58:55.085] [bmv2] [D] [thread 21211] [7.0] [cxt 0] Deparsing header 'ethernet'
[15:58:55.085] [bmv2] [D] [thread 21211] [7.0] [cxt 0] Deparser 'deparser': end
[15:58:55.085] [bmv2] [D] [thread 21215] [7.0] [cxt 0] Transmitting packet of size 90 out of port 0
[15:58:55.525] [bmv2] [D] [thread 21210] [8.0] [cxt 0] Processing packet received on port 2
[15:58:55.525] [bmv2] [D] [thread 21210] [8.0] [cxt 0] Parser 'parser': start
[15:58:55.525] [bmv2] [D] [thread 21210] [8.0] [cxt 0] Parser 'parser' entering state 'start'
[15:58:55.525] [bmv2] [D] [thread 21210] [8.0] [cxt 0] Extracting header 'ethernet'
[15:58:55.525] [bmv2] [D] [thread 21210] [8.0] [cxt 0] Parser state 'start': key is 86dd
[15:58:55.526] [bmv2] [T] [thread 21210] [8.0] [cxt 0] Bytes parsed: 14
[15:58:55.526] [bmv2] [D] [thread 21210] [8.0] [cxt 0] Parser 'parser': end
[15:58:55.526] [bmv2] [D] [thread 21210] [8.0] [cxt 0] Pipeline 'ingress': start
[15:58:55.526] [bmv2] [T] [thread 21210] [8.0] [cxt 0] forwarding.p4(128) Condition "hdr.ipv4.isValid()" (node_2) is false
[15:58:55.527] [bmv2] [D] [thread 21210] [8.0] [cxt 0] Pipeline 'ingress': end
[15:58:55.527] [bmv2] [D] [thread 21210] [8.0] [cxt 0] Egress port is 0
[15:58:55.527] [bmv2] [D] [thread 21211] [8.0] [cxt 0] Pipeline 'egress': start
[15:58:55.527] [bmv2] [D] [thread 21211] [8.0] [cxt 0] Pipeline 'egress': end
[15:58:55.527] [bmv2] [D] [thread 21211] [8.0] [cxt 0] Deparser 'deparser': start
[15:58:55.527] [bmv2] [T] [thread 21211] [8.0] [cxt 0] Skipping checksum 'cksum' update because condition not met
[15:58:55.527] [bmv2] [D] [thread 21211] [8.0] [cxt 0] Deparsing header 'ethernet'
[15:58:55.527] [bmv2] [D] [thread 21211] [8.0] [cxt 0] Deparser 'deparser': end
[15:58:55.527] [bmv2] [D] [thread 21215] [8.0] [cxt 0] Transmitting packet of size 90 out of port 0
[15:58:57.093] [bmv2] [T] [thread 21279] bm_get_config
[15:58:57.094] [bmv2] [T] [thread 21279] bm_set_default_action
[15:58:57.094] [bmv2] [D] [thread 21279] Set default entry for table 'MyIngress.ipv4_lpm': MyIngress.drop - 
[15:58:57.095] [bmv2] [T] [thread 21279] bm_table_add_entry
[15:58:57.095] [bmv2] [D] [thread 21279] Entry 0 added to table 'MyIngress.ipv4_lpm'
[15:58:57.095] [bmv2] [D] [thread 21279] Dumping entry 0
Match key:
* hdr.ipv4.dstAddr    : LPM       0a000202/32
Action entry: MyIngress.ipv4_forward - a000202,1,

[15:58:57.096] [bmv2] [T] [thread 21279] bm_table_add_entry
[15:58:57.096] [bmv2] [D] [thread 21279] Entry 1 added to table 'MyIngress.ipv4_lpm'
[15:58:57.096] [bmv2] [D] [thread 21279] Dumping entry 1
Match key:
* hdr.ipv4.dstAddr    : LPM       0a000000/16
Action entry: MyIngress.ipv4_forward - 10200,2,

open: No such file or directory
open: No such file or directory
open: No such file or directory
open: No such file or directory
open: No such file or directory
