Warning: you requested the nanomsg event logger, but bmv2 was compiled without -DBMELOG, and the event logger cannot be activated
Calling target program-options parser
[15:58:54.819] [bmv2] [D] [thread 21218] Set default default entry for table 'MyIngress.ipv4_lpm': NoAction - 
Adding interface s3-eth1 as port 1
[15:58:54.821] [bmv2] [D] [thread 21218] Adding interface s3-eth1 as port 1
Adding interface s3-eth2 as port 2
[15:58:54.853] [bmv2] [D] [thread 21218] Adding interface s3-eth2 as port 2
Adding interface s3-eth3 as port 3
[15:58:54.883] [bmv2] [D] [thread 21218] Adding interface s3-eth3 as port 3
[15:58:54.906] [bmv2] [I] [thread 21218] Starting Thrift server on port 9092
[15:58:54.906] [bmv2] [I] [thread 21218] Thrift server was started
[15:58:54.965] [bmv2] [D] [thread 21224] [0.0] [cxt 0] Processing packet received on port 1
[15:58:54.965] [bmv2] [D] [thread 21224] [0.0] [cxt 0] Parser 'parser': start
[15:58:54.965] [bmv2] [D] [thread 21224] [0.0] [cxt 0] Parser 'parser' entering state 'start'
[15:58:54.965] [bmv2] [D] [thread 21224] [0.0] [cxt 0] Extracting header 'ethernet'
[15:58:54.966] [bmv2] [D] [thread 21224] [0.0] [cxt 0] Parser state 'start': key is 86dd
[15:58:54.966] [bmv2] [T] [thread 21224] [0.0] [cxt 0] Bytes parsed: 14
[15:58:54.966] [bmv2] [D] [thread 21224] [0.0] [cxt 0] Parser 'parser': end
[15:58:54.966] [bmv2] [D] [thread 21224] [0.0] [cxt 0] Pipeline 'ingress': start
[15:58:54.967] [bmv2] [T] [thread 21224] [0.0] [cxt 0] forwarding.p4(128) Condition "hdr.ipv4.isValid()" (node_2) is false
[15:58:54.967] [bmv2] [D] [thread 21224] [0.0] [cxt 0] Pipeline 'ingress': end
[15:58:54.967] [bmv2] [D] [thread 21224] [0.0] [cxt 0] Egress port is 0
[15:58:54.967] [bmv2] [D] [thread 21225] [0.0] [cxt 0] Pipeline 'egress': start
[15:58:54.968] [bmv2] [D] [thread 21225] [0.0] [cxt 0] Pipeline 'egress': end
[15:58:54.968] [bmv2] [D] [thread 21225] [0.0] [cxt 0] Deparser 'deparser': start
[15:58:54.968] [bmv2] [T] [thread 21225] [0.0] [cxt 0] Skipping checksum 'cksum' update because condition not met
[15:58:54.968] [bmv2] [D] [thread 21225] [0.0] [cxt 0] Deparsing header 'ethernet'
[15:58:54.969] [bmv2] [D] [thread 21225] [0.0] [cxt 0] Deparser 'deparser': end
[15:58:54.969] [bmv2] [D] [thread 21229] [0.0] [cxt 0] Transmitting packet of size 90 out of port 0
[15:58:54.986] [bmv2] [D] [thread 21224] [1.0] [cxt 0] Processing packet received on port 1
[15:58:54.986] [bmv2] [D] [thread 21224] [1.0] [cxt 0] Parser 'parser': start
[15:58:54.986] [bmv2] [D] [thread 21224] [1.0] [cxt 0] Parser 'parser' entering state 'start'
[15:58:54.986] [bmv2] [D] [thread 21224] [1.0] [cxt 0] Extracting header 'ethernet'
[15:58:54.987] [bmv2] [D] [thread 21224] [1.0] [cxt 0] Parser state 'start': key is 86dd
[15:58:54.987] [bmv2] [T] [thread 21224] [1.0] [cxt 0] Bytes parsed: 14
[15:58:54.987] [bmv2] [D] [thread 21224] [1.0] [cxt 0] Parser 'parser': end
[15:58:54.987] [bmv2] [D] [thread 21224] [1.0] [cxt 0] Pipeline 'ingress': start
[15:58:54.987] [bmv2] [T] [thread 21224] [1.0] [cxt 0] forwarding.p4(128) Condition "hdr.ipv4.isValid()" (node_2) is false
[15:58:54.988] [bmv2] [D] [thread 21224] [1.0] [cxt 0] Pipeline 'ingress': end
[15:58:54.988] [bmv2] [D] [thread 21224] [1.0] [cxt 0] Egress port is 0
[15:58:54.988] [bmv2] [D] [thread 21225] [1.0] [cxt 0] Pipeline 'egress': start
[15:58:54.988] [bmv2] [D] [thread 21225] [1.0] [cxt 0] Pipeline 'egress': end
[15:58:54.988] [bmv2] [D] [thread 21225] [1.0] [cxt 0] Deparser 'deparser': start
[15:58:54.989] [bmv2] [T] [thread 21225] [1.0] [cxt 0] Skipping checksum 'cksum' update because condition not met
[15:58:54.989] [bmv2] [D] [thread 21225] [1.0] [cxt 0] Deparsing header 'ethernet'
[15:58:54.989] [bmv2] [D] [thread 21225] [1.0] [cxt 0] Deparser 'deparser': end
[15:58:54.990] [bmv2] [D] [thread 21229] [1.0] [cxt 0] Transmitting packet of size 90 out of port 0
[15:58:55.437] [bmv2] [D] [thread 21224] [2.0] [cxt 0] Processing packet received on port 3
[15:58:55.437] [bmv2] [D] [thread 21224] [2.0] [cxt 0] Parser 'parser': start
[15:58:55.437] [bmv2] [D] [thread 21224] [2.0] [cxt 0] Parser 'parser' entering state 'start'
[15:58:55.437] [bmv2] [D] [thread 21224] [2.0] [cxt 0] Extracting header 'ethernet'
[15:58:55.437] [bmv2] [D] [thread 21224] [2.0] [cxt 0] Parser state 'start': key is 86dd
[15:58:55.438] [bmv2] [T] [thread 21224] [2.0] [cxt 0] Bytes parsed: 14
[15:58:55.438] [bmv2] [D] [thread 21224] [2.0] [cxt 0] Parser 'parser': end
[15:58:55.438] [bmv2] [D] [thread 21224] [2.0] [cxt 0] Pipeline 'ingress': start
[15:58:55.438] [bmv2] [T] [thread 21224] [2.0] [cxt 0] forwarding.p4(128) Condition "hdr.ipv4.isValid()" (node_2) is false
[15:58:55.438] [bmv2] [D] [thread 21224] [2.0] [cxt 0] Pipeline 'ingress': end
[15:58:55.439] [bmv2] [D] [thread 21224] [2.0] [cxt 0] Egress port is 0
[15:58:55.439] [bmv2] [D] [thread 21225] [2.0] [cxt 0] Pipeline 'egress': start
[15:58:55.439] [bmv2] [D] [thread 21225] [2.0] [cxt 0] Pipeline 'egress': end
[15:58:55.439] [bmv2] [D] [thread 21225] [2.0] [cxt 0] Deparser 'deparser': start
[15:58:55.440] [bmv2] [T] [thread 21225] [2.0] [cxt 0] Skipping checksum 'cksum' update because condition not met
[15:58:55.440] [bmv2] [D] [thread 21225] [2.0] [cxt 0] Deparsing header 'ethernet'
[15:58:55.440] [bmv2] [D] [thread 21225] [2.0] [cxt 0] Deparser 'deparser': end
[15:58:55.440] [bmv2] [D] [thread 21229] [2.0] [cxt 0] Transmitting packet of size 90 out of port 0
[15:58:56.996] [bmv2] [T] [thread 21277] bm_get_config
[15:58:56.997] [bmv2] [T] [thread 21277] bm_set_default_action
[15:58:56.998] [bmv2] [D] [thread 21277] Set default entry for table 'MyIngress.ipv4_lpm': MyIngress.drop - 
[15:58:56.998] [bmv2] [T] [thread 21277] bm_table_add_entry
[15:58:56.998] [bmv2] [D] [thread 21277] Entry 0 added to table 'MyIngress.ipv4_lpm'
[15:58:56.998] [bmv2] [D] [thread 21277] Dumping entry 0
Match key:
* hdr.ipv4.dstAddr    : LPM       0a000000/16
Action entry: MyIngress.ipv4_forward - 10300,1,

[15:58:56.999] [bmv2] [T] [thread 21277] bm_table_add_entry
[15:58:56.999] [bmv2] [D] [thread 21277] Entry 1 added to table 'MyIngress.ipv4_lpm'
[15:58:56.999] [bmv2] [D] [thread 21277] Dumping entry 1
Match key:
* hdr.ipv4.dstAddr    : LPM       0a000303/32
Action entry: MyIngress.ipv4_forward - a000303,2,

[15:58:57.000] [bmv2] [T] [thread 21277] bm_table_add_entry
[15:58:57.000] [bmv2] [D] [thread 21277] Entry 2 added to table 'MyIngress.ipv4_lpm'
[15:58:57.000] [bmv2] [D] [thread 21277] Dumping entry 2
Match key:
* hdr.ipv4.dstAddr    : LPM       0a000304/32
Action entry: MyIngress.ipv4_forward - a000304,3,

open: No such file or directory
open: No such file or directory
open: No such file or directory
open: No such file or directory
open: No such file or directory
open: No such file or directory
